<?xml version="1.0" encoding="utf-8"?><testsuites name="pytest tests"><testsuite name="pytest" errors="0" failures="0" skipped="10" tests="5100" time="10182.096" timestamp="2026-04-03T00:09:57.077682+00:00" hostname="spacetelescope-runner-l2qhh-9t722"><testcase classname="jwst.lib.tests.test_suffix" name="test_suffix_existence" time="1.376" /><testcase classname="jwst.datamodels.tests.test_api" name="test_stdatamodels_api[ABVegaOffsetModel]" time="0.003" /><testcase classname="jwst.datamodels.tests.test_api" name="test_stdatamodels_api[AmiLgFitModel]" time="0.001" /><testcase classname="jwst.datamodels.tests.test_api" name="test_stdatamodels_api[AmiLgModel]" time="0.001" /><testcase classname="jwst.datamodels.tests.test_api" name="test_stdatamodels_api[AmiOIModel]" time="0.001" /><testcase classname="jwst.datamodels.tests.test_api" name="test_stdatamodels_api[AsnModel]" time="0.001" /><testcase classname="jwst.datamodels.tests.test_api" name="test_stdatamodels_api[BarshadowModel]" time="0.001" /><testcase classname="jwst.datamodels.tests.test_api" name="test_stdatamodels_api[CameraModel]" time="0.001" /><testcase classname="jwst.datamodels.tests.test_api" name="test_stdatamodels_api[CollimatorModel]" time="0.001" /><testcase classname="jwst.extract_1d.tests.test_extract" name="test_read_extract1d_ref" time="0.005" /><testcase classname="jwst.extract_1d.tests.test_extract" name="test_read_extract1d_ref_bad_json" time="0.003" /><testcase classname="jwst.datamodels.tests.test_api" name="test_stdatamodels_api[CombinedSpecModel]" time="0.001" /><testcase classname="jwst.datamodels.tests.test_api" name="test_stdatamodels_api[ContrastModel]" time="0.001" /><testcase classname="jwst.datamodels.tests.test_api" name="test_stdatamodels_api[CubeModel]" time="0.001" /><testcase classname="jwst.datamodels.tests.test_api" name="test_stdatamodels_api[DarkMIRIModel]" time="0.001" /><testcase classname="jwst.datamodels.tests.test_api" name="test_stdatamodels_api[DarkModel]" time="0.001" /><testcase classname="jwst.extract_1d.tests.test_extract" name="test_read_extract1d_ref_bad_type" time="0.002" /><testcase classname="jwst.extract_1d.tests.test_extract" name="test_read_extract1d_ref_na" time="0.001" /><testcase classname="jwst.datamodels.tests.test_api" name="test_stdatamodels_api[DarkNirspecModel]" time="0.001" /><testcase classname="jwst.extract_1d.tests.test_extract" name="test_read_apcorr_ref" time="0.009" /><testcase classname="jwst.datamodels.tests.test_api" name="test_stdatamodels_api[DisperserModel]" time="0.001" /><testcase classname="jwst.datamodels.tests.test_api" name="test_stdatamodels_api[DistortionMRSModel]" time="0.001" /><testcase classname="jwst.datamodels.tests.test_api" name="test_stdatamodels_api[DistortionModel]" time="0.001" /><testcase classname="jwst.datamodels.tests.test_api" name="test_stdatamodels_api[EmiModel]" time="0.001" /><testcase classname="jwst.datamodels.tests.test_api" name="test_stdatamodels_api[Extract1dIFUModel]" time="0.001" /><testcase classname="jwst.tweakreg.tests.test_tweakreg" name="test_rename_catalog_columns[True]" time="0.007" /><testcase classname="jwst.datamodels.tests.test_api" name="test_stdatamodels_api[FOREModel]" time="0.001" /><testcase classname="jwst.datamodels.tests.test_api" name="test_stdatamodels_api[FPAModel]" time="0.001" /><testcase classname="jwst.datamodels.tests.test_api" name="test_stdatamodels_api[FgsImgApcorrModel]" time="0.001" /><testcase classname="jwst.tweakreg.tests.test_tweakreg" name="test_rename_catalog_columns[False]" time="0.002" /><testcase classname="jwst.tweakreg.tests.test_tweakreg" name="test_rename_catalog_columns_invalid[x]" time="0.003" /><testcase classname="jwst.datamodels.tests.test_api" name="test_stdatamodels_api[FgsImgPhotomModel]" time="0.001" /><testcase classname="jwst.tweakreg.tests.test_tweakreg" name="test_rename_catalog_columns_invalid[y]" time="0.002" /><testcase classname="jwst.datamodels.tests.test_api" name="test_stdatamodels_api[FilteroffsetModel]" time="0.001" /><testcase classname="jwst.datamodels.tests.test_api" name="test_stdatamodels_api[FlatModel]" time="0.001" /><testcase classname="jwst.tweakreg.tests.test_tweakreg" name="test_rename_catalog_columns_invalid[xcentroid]" time="0.002" /><testcase classname="jwst.datamodels.tests.test_api" name="test_stdatamodels_api[FringeFreqModel]" time="0.001" /><testcase classname="jwst.tweakreg.tests.test_tweakreg" name="test_rename_catalog_columns_invalid[ycentroid]" time="0.002" /><testcase classname="jwst.datamodels.tests.test_api" name="test_stdatamodels_api[FringeModel]" time="0.001" /><testcase classname="jwst.datamodels.tests.test_api" name="test_stdatamodels_api[GainModel]" time="0.001" /><testcase classname="jwst.tweakreg.tests.test_tweakreg" name="test_expected_failure_bad_starfinder" time="0.014" /><testcase classname="jwst.datamodels.tests.test_api" name="test_stdatamodels_api[GuiderCalModel]" time="0.001" /><testcase classname="jwst.datamodels.tests.test_api" name="test_stdatamodels_api[GuiderRawModel]" time="0.001" /><testcase classname="jwst.datamodels.tests.test_api" name="test_stdatamodels_api[IFUCubeModel]" time="0.001" /><testcase classname="jwst.datamodels.tests.test_api" name="test_stdatamodels_api[IFUFOREModel]" time="0.001" /><testcase classname="jwst.datamodels.tests.test_api" name="test_stdatamodels_api[IFUImageModel]" time="0.001" /><testcase classname="jwst.datamodels.tests.test_api" name="test_stdatamodels_api[IFUPostModel]" time="0.001" /><testcase classname="jwst.datamodels.tests.test_api" name="test_stdatamodels_api[IFUSlicerModel]" time="0.001" /><testcase classname="jwst.datamodels.tests.test_api" name="test_stdatamodels_api[IPCModel]" time="0.001" /><testcase classname="jwst.datamodels.tests.test_api" name="test_stdatamodels_api[IRS2Model]" time="0.001" /><testcase classname="jwst.datamodels.tests.test_api" name="test_stdatamodels_api[ImageModel]" time="0.001" /><testcase classname="jwst.tweakreg.tests.test_tweakreg" name="test_write_catalog" time="0.014" /><testcase classname="jwst.datamodels.tests.test_api" name="test_stdatamodels_api[JwstDataModel]" time="0.001" /><testcase classname="jwst.datamodels.tests.test_api" name="test_stdatamodels_api[LastFrameModel]" time="0.001" /><testcase classname="jwst.datamodels.tests.test_api" name="test_stdatamodels_api[Level1bModel]" time="0.001" /><testcase classname="jwst.datamodels.tests.test_api" name="test_stdatamodels_api[LinearityModel]" time="0.001" /><testcase classname="jwst.datamodels.tests.test_api" name="test_stdatamodels_api[MRSMultiSpecModel]" time="0.001" /><testcase classname="jwst.datamodels.tests.test_api" name="test_stdatamodels_api[MRSSpecModel]" time="0.001" /><testcase classname="jwst.datamodels.tests.test_api" name="test_stdatamodels_api[MSAModel]" time="0.001" /><testcase classname="jwst.datamodels.tests.test_api" name="test_stdatamodels_api[MaskModel]" time="0.001" /><testcase classname="jwst.datamodels.tests.test_api" name="test_stdatamodels_api[MirImgApcorrModel]" time="0.001" /><testcase classname="jwst.datamodels.tests.test_api" name="test_stdatamodels_api[MirImgPhotomModel]" time="0.001" /><testcase classname="jwst.datamodels.tests.test_api" name="test_stdatamodels_api[MirLrsApcorrModel]" time="0.001" /><testcase classname="jwst.datamodels.tests.test_api" name="test_stdatamodels_api[MirLrsPathlossModel]" time="0.001" /><testcase classname="jwst.datamodels.tests.test_api" name="test_stdatamodels_api[MirLrsPhotomModel]" time="0.003" /><testcase classname="jwst.datamodels.tests.test_api" name="test_stdatamodels_api[MirMrsApcorrModel]" time="0.001" /><testcase classname="jwst.datamodels.tests.test_api" name="test_stdatamodels_api[MirMrsPhotomModel]" time="0.001" /><testcase classname="jwst.datamodels.tests.test_api" name="test_stdatamodels_api[MirMrsPtCorrModel]" time="0.001" /><testcase classname="jwst.lib.tests.test_set_telescope_pointing" name="test_allow_any_file[file_case0-True]" time="0.126" /><testcase classname="jwst.datamodels.tests.test_api" name="test_stdatamodels_api[MirMrsXArtCorrModel]" time="0.001" /><testcase classname="jwst.datamodels.tests.test_api" name="test_stdatamodels_api[MirWfssPhotomModel]" time="0.001" /><testcase classname="jwst.datamodels.tests.test_api" name="test_stdatamodels_api[MiriIFUCubeParsModel]" time="0.001" /><testcase classname="jwst.datamodels.tests.test_api" name="test_stdatamodels_api[MiriLRSSpecwcsModel]" time="0.001" /><testcase classname="jwst.datamodels.tests.test_api" name="test_stdatamodels_api[MiriResolutionModel]" time="0.001" /><testcase classname="jwst.datamodels.tests.test_api" name="test_stdatamodels_api[MiriWFSSSpecwcsModel]" time="0.001" /><testcase classname="jwst.datamodels.tests.test_api" name="test_stdatamodels_api[MultiCombinedSpecModel]" time="0.001" /><testcase classname="jwst.datamodels.tests.test_api" name="test_stdatamodels_api[MultiExposureModel]" time="0.001" /><testcase classname="jwst.datamodels.tests.test_api" name="test_stdatamodels_api[MultiSlitModel]" time="0.001" /><testcase classname="jwst.datamodels.tests.test_api" name="test_stdatamodels_api[MultiSpecModel]" time="0.001" /><testcase classname="jwst.datamodels.tests.test_api" name="test_stdatamodels_api[NIRCAMGrismModel]" time="0.001" /><testcase classname="jwst.datamodels.tests.test_api" name="test_stdatamodels_api[NIRISSGrismModel]" time="0.001" /><testcase classname="jwst.datamodels.tests.test_api" name="test_stdatamodels_api[NRMModel]" time="0.001" /><testcase classname="jwst.datamodels.tests.test_api" name="test_stdatamodels_api[NirspecFlatModel]" time="0.001" /><testcase classname="jwst.datamodels.tests.test_api" name="test_stdatamodels_api[NirspecIFUCubeParsModel]" time="0.001" /><testcase classname="jwst.datamodels.tests.test_api" name="test_stdatamodels_api[NirspecIfuAreaModel]" time="0.001" /><testcase classname="jwst.datamodels.tests.test_api" name="test_stdatamodels_api[NirspecMosAreaModel]" time="0.001" /><testcase classname="jwst.datamodels.tests.test_api" name="test_stdatamodels_api[NirspecQuadFlatModel]" time="0.001" /><testcase classname="jwst.datamodels.tests.test_api" name="test_stdatamodels_api[NirspecSlitAreaModel]" time="0.001" /><testcase classname="jwst.datamodels.tests.test_api" name="test_stdatamodels_api[NisImgApcorrModel]" time="0.001" /><testcase classname="jwst.datamodels.tests.test_api" name="test_stdatamodels_api[NisImgPhotomModel]" time="0.001" /><testcase classname="jwst.datamodels.tests.test_api" name="test_stdatamodels_api[NisSossPhotomModel]" time="0.001" /><testcase classname="jwst.datamodels.tests.test_api" name="test_stdatamodels_api[NisWfssApcorrModel]" time="0.001" /><testcase classname="jwst.datamodels.tests.test_api" name="test_stdatamodels_api[NisWfssPhotomModel]" time="0.001" /><testcase classname="jwst.datamodels.tests.test_api" name="test_stdatamodels_api[NrcImgApcorrModel]" time="0.001" /><testcase classname="jwst.datamodels.tests.test_api" name="test_stdatamodels_api[NrcImgPhotomModel]" time="0.001" /><testcase classname="jwst.datamodels.tests.test_api" name="test_stdatamodels_api[NrcWfssApcorrModel]" time="0.001" /><testcase classname="jwst.datamodels.tests.test_api" name="test_stdatamodels_api[NrcWfssPhotomModel]" time="0.001" /><testcase classname="jwst.extract_1d.tests.test_extract" name="test_get_extract_parameters_default" time="0.107" /><testcase classname="jwst.datamodels.tests.test_api" name="test_stdatamodels_api[NrsFsApcorrModel]" time="0.001" /><testcase classname="jwst.datamodels.tests.test_api" name="test_stdatamodels_api[NrsFsPhotomModel]" time="0.001" /><testcase classname="jwst.datamodels.tests.test_api" name="test_stdatamodels_api[NrsIfuApcorrModel]" time="0.001" /><testcase classname="jwst.datamodels.tests.test_api" name="test_stdatamodels_api[NrsMosApcorrModel]" time="0.001" /><testcase classname="jwst.datamodels.tests.test_api" name="test_stdatamodels_api[NrsMosPhotomModel]" time="0.001" /><testcase classname="jwst.datamodels.tests.test_api" name="test_stdatamodels_api[OTEModel]" time="0.001" /><testcase classname="jwst.datamodels.tests.test_api" name="test_stdatamodels_api[OutlierIFUOutputModel]" time="0.001" /><testcase classname="jwst.datamodels.tests.test_api" name="test_stdatamodels_api[PastasossModel]" time="0.001" /><testcase classname="jwst.datamodels.tests.test_api" name="test_stdatamodels_api[PathlossModel]" time="0.001" /><testcase classname="jwst.datamodels.tests.test_api" name="test_stdatamodels_api[PersistenceSatModel]" time="0.001" /><testcase classname="jwst.datamodels.tests.test_api" name="test_stdatamodels_api[PictureFrameModel]" time="0.001" /><testcase classname="jwst.datamodels.tests.test_api" name="test_stdatamodels_api[PixelAreaModel]" time="0.001" /><testcase classname="jwst.datamodels.tests.test_api" name="test_stdatamodels_api[PsfMaskModel]" time="0.001" /><testcase classname="jwst.datamodels.tests.test_api" name="test_stdatamodels_api[QuadModel]" time="0.001" /><testcase classname="jwst.datamodels.tests.test_api" name="test_stdatamodels_api[RSCDModel]" time="0.001" /><testcase classname="jwst.datamodels.tests.test_api" name="test_stdatamodels_api[RampFitOutputModel]" time="0.001" /><testcase classname="jwst.datamodels.tests.test_api" name="test_stdatamodels_api[RampModel]" time="0.001" /><testcase classname="jwst.datamodels.tests.test_api" name="test_stdatamodels_api[ReadnoiseModel]" time="0.001" /><testcase classname="jwst.datamodels.tests.test_api" name="test_stdatamodels_api[ReferenceCubeModel]" time="0.001" /><testcase classname="jwst.datamodels.tests.test_api" name="test_stdatamodels_api[ReferenceFileModel]" time="0.001" /><testcase classname="jwst.datamodels.tests.test_api" name="test_stdatamodels_api[ReferenceImageModel]" time="0.001" /><testcase classname="jwst.datamodels.tests.test_api" name="test_stdatamodels_api[ReferenceQuadModel]" time="0.001" /><testcase classname="jwst.datamodels.tests.test_api" name="test_stdatamodels_api[RegionsModel]" time="0.001" /><testcase classname="jwst.datamodels.tests.test_api" name="test_stdatamodels_api[ResetModel]" time="0.001" /><testcase classname="jwst.datamodels.tests.test_api" name="test_stdatamodels_api[ResolutionModel]" time="0.001" /><testcase classname="jwst.datamodels.tests.test_api" name="test_stdatamodels_api[SIRSKernelModel]" time="0.001" /><testcase classname="jwst.datamodels.tests.test_api" name="test_stdatamodels_api[SaturationModel]" time="0.001" /><testcase classname="jwst.datamodels.tests.test_api" name="test_stdatamodels_api[SegmentationMapModel]" time="0.001" /><testcase classname="jwst.lib.tests.test_set_telescope_pointing" name="test_allow_any_file[file_case0-False]" time="0.086" /><testcase classname="jwst.datamodels.tests.test_api" name="test_stdatamodels_api[SlitDataModel]" time="0.001" /><testcase classname="jwst.datamodels.tests.test_api" name="test_stdatamodels_api[SlitModel]" time="0.001" /><testcase classname="jwst.datamodels.tests.test_api" name="test_stdatamodels_api[SossBkgModel]" time="0.001" /><testcase classname="jwst.datamodels.tests.test_api" name="test_stdatamodels_api[SossExtractModel]" time="0.001" /><testcase classname="jwst.datamodels.tests.test_api" name="test_stdatamodels_api[SossWaveGridModel]" time="0.001" /><testcase classname="jwst.datamodels.tests.test_api" name="test_stdatamodels_api[SpecKernelModel]" time="0.001" /><testcase classname="jwst.datamodels.tests.test_api" name="test_stdatamodels_api[SpecModel]" time="0.001" /><testcase classname="jwst.datamodels.tests.test_api" name="test_stdatamodels_api[SpecProfileModel]" time="0.001" /><testcase classname="jwst.datamodels.tests.test_api" name="test_stdatamodels_api[SpecProfileSingleModel]" time="0.001" /><testcase classname="jwst.datamodels.tests.test_api" name="test_stdatamodels_api[SpecPsfModel]" time="0.001" /><testcase classname="jwst.datamodels.tests.test_api" name="test_stdatamodels_api[SpecTraceModel]" time="0.001" /><testcase classname="jwst.datamodels.tests.test_api" name="test_stdatamodels_api[SpecTraceSingleModel]" time="0.001" /><testcase classname="jwst.datamodels.tests.test_api" name="test_stdatamodels_api[SpecwcsModel]" time="0.001" /><testcase classname="jwst.datamodels.tests.test_api" name="test_stdatamodels_api[StrayLightModel]" time="0.001" /><testcase classname="jwst.datamodels.tests.test_api" name="test_stdatamodels_api[SuperBiasModel]" time="0.001" /><testcase classname="jwst.datamodels.tests.test_api" name="test_stdatamodels_api[TSOMultiSpecModel]" time="0.001" /><testcase classname="jwst.datamodels.tests.test_api" name="test_stdatamodels_api[TSOSpecModel]" time="0.001" /><testcase classname="jwst.datamodels.tests.test_api" name="test_stdatamodels_api[ThroughputModel]" time="0.001" /><testcase classname="jwst.datamodels.tests.test_api" name="test_stdatamodels_api[TrapDensityModel]" time="0.001" /><testcase classname="jwst.extract_1d.tests.test_extract" name="test_get_extract_parameters_na" time="0.078" /><testcase classname="jwst.datamodels.tests.test_api" name="test_stdatamodels_api[TrapParsModel]" time="0.001" /><testcase classname="jwst.datamodels.tests.test_api" name="test_stdatamodels_api[TrapsFilledModel]" time="0.001" /><testcase classname="jwst.datamodels.tests.test_api" name="test_stdatamodels_api[TsoPhotModel]" time="0.001" /><testcase classname="jwst.datamodels.tests.test_api" name="test_stdatamodels_api[WFSSCombinedSpecModel]" time="0.001" /><testcase classname="jwst.datamodels.tests.test_api" name="test_stdatamodels_api[WFSSMultiCombinedSpecModel]" time="0.001" /><testcase classname="jwst.datamodels.tests.test_api" name="test_stdatamodels_api[WFSSMultiSpecModel]" time="0.001" /><testcase classname="jwst.datamodels.tests.test_api" name="test_stdatamodels_api[WFSSSpecModel]" time="0.001" /><testcase classname="jwst.datamodels.tests.test_api" name="test_stdatamodels_api[WaveCorrModel]" time="0.001" /><testcase classname="jwst.datamodels.tests.test_api" name="test_stdatamodels_api[WaveMapModel]" time="0.001" /><testcase classname="jwst.datamodels.tests.test_api" name="test_stdatamodels_api[WaveMapSingleModel]" time="0.001" /><testcase classname="jwst.datamodels.tests.test_api" name="test_stdatamodels_api[WavelengthrangeModel]" time="0.001" /><testcase classname="jwst.datamodels.tests.test_api" name="test_stdatamodels_api[WfssBkgModel]" time="0.001" /><testcase classname="jwst.datamodels.tests.test_api" name="test_stdatamodels_api[open]" time="0.001" /><testcase classname="jwst.datamodels.tests.test_api" name="test_stdatamodels_api[read_metadata]" time="0.001" /><testcase classname="jwst.datamodels.tests.test_api" name="test_stdatamodels_modules[abvega_offset]" time="0.001" /><testcase classname="jwst.datamodels.tests.test_api" name="test_stdatamodels_modules[amilg]" time="0.001" /><testcase classname="jwst.datamodels.tests.test_api" name="test_stdatamodels_modules[amilgfitmodel]" time="0.001" /><testcase classname="jwst.datamodels.tests.test_api" name="test_stdatamodels_modules[amioi]" time="0.001" /><testcase classname="jwst.datamodels.tests.test_api" name="test_stdatamodels_modules[apcorr]" time="0.001" /><testcase classname="jwst.datamodels.tests.test_api" name="test_stdatamodels_modules[asn]" time="0.001" /><testcase classname="jwst.datamodels.tests.test_api" name="test_stdatamodels_modules[background]" time="0.001" /><testcase classname="jwst.datamodels.tests.test_api" name="test_stdatamodels_modules[barshadow]" time="0.001" /><testcase classname="jwst.datamodels.tests.test_api" name="test_stdatamodels_modules[combinedspec]" time="0.001" /><testcase classname="jwst.datamodels.tests.test_api" name="test_stdatamodels_modules[contrast]" time="0.001" /><testcase classname="jwst.datamodels.tests.test_api" name="test_stdatamodels_modules[cube]" time="0.001" /><testcase classname="jwst.datamodels.tests.test_api" name="test_stdatamodels_modules[dark]" time="0.001" /><testcase classname="jwst.datamodels.tests.test_api" name="test_stdatamodels_modules[dqflags]" time="0.001" /><testcase classname="jwst.datamodels.tests.test_api" name="test_stdatamodels_modules[emi]" time="0.001" /><testcase classname="jwst.datamodels.tests.test_api" name="test_stdatamodels_modules[extract1d_spec]" time="0.001" /><testcase classname="jwst.datamodels.tests.test_api" name="test_stdatamodels_modules[flat]" time="0.001" /><testcase classname="jwst.datamodels.tests.test_api" name="test_stdatamodels_modules[fringe]" time="0.001" /><testcase classname="jwst.datamodels.tests.test_api" name="test_stdatamodels_modules[fringefreq]" time="0.001" /><testcase classname="jwst.datamodels.tests.test_api" name="test_stdatamodels_modules[gain]" time="0.001" /><testcase classname="jwst.datamodels.tests.test_api" name="test_stdatamodels_modules[guider]" time="0.001" /><testcase classname="jwst.datamodels.tests.test_api" name="test_stdatamodels_modules[ifucube]" time="0.001" /><testcase classname="jwst.datamodels.tests.test_api" name="test_stdatamodels_modules[ifucubepars]" time="0.001" /><testcase classname="jwst.datamodels.tests.test_api" name="test_stdatamodels_modules[ifuimage]" time="0.001" /><testcase classname="jwst.datamodels.tests.test_api" name="test_stdatamodels_modules[image]" time="0.001" /><testcase classname="jwst.datamodels.tests.test_api" name="test_stdatamodels_modules[ipc]" time="0.001" /><testcase classname="jwst.datamodels.tests.test_api" name="test_stdatamodels_modules[irs2]" time="0.001" /><testcase classname="jwst.datamodels.tests.test_api" name="test_stdatamodels_modules[lastframe]" time="0.001" /><testcase classname="jwst.datamodels.tests.test_api" name="test_stdatamodels_modules[level1b]" time="0.001" /><testcase classname="jwst.datamodels.tests.test_api" name="test_stdatamodels_modules[linearity]" time="0.001" /><testcase classname="jwst.extract_1d.tests.test_extract" name="test_get_extract_parameters_background[poly-None]" time="0.075" /><testcase classname="jwst.datamodels.tests.test_api" name="test_stdatamodels_modules[mask]" time="0.001" /><testcase classname="jwst.datamodels.tests.test_api" name="test_stdatamodels_modules[model_base]" time="0.001" /><testcase classname="jwst.datamodels.tests.test_api" name="test_stdatamodels_modules[mrsptcorr]" time="0.001" /><testcase classname="jwst.lib.tests.test_set_telescope_pointing" name="test_allow_any_file[file_case1-True]" time="0.115" /><testcase classname="jwst.datamodels.tests.test_api" name="test_stdatamodels_modules[mrsxartcorr]" time="0.001" /><testcase classname="jwst.datamodels.tests.test_api" name="test_stdatamodels_modules[multicombinedspec]" time="0.001" /><testcase classname="jwst.datamodels.tests.test_api" name="test_stdatamodels_modules[multiexposure]" time="0.001" /><testcase classname="jwst.datamodels.tests.test_api" name="test_stdatamodels_modules[multislit]" time="0.001" /><testcase classname="jwst.datamodels.tests.test_api" name="test_stdatamodels_modules[multispec]" time="0.001" /><testcase classname="jwst.datamodels.tests.test_api" name="test_stdatamodels_modules[nirspec_flat]" time="0.001" /><testcase classname="jwst.datamodels.tests.test_api" name="test_stdatamodels_modules[nrm]" time="0.001" /><testcase classname="jwst.datamodels.tests.test_api" name="test_stdatamodels_modules[outlierifuoutput]" time="0.001" /><testcase classname="jwst.datamodels.tests.test_api" name="test_stdatamodels_modules[pastasossmodel]" time="0.001" /><testcase classname="jwst.datamodels.tests.test_api" name="test_stdatamodels_modules[pathloss]" time="0.001" /><testcase classname="jwst.datamodels.tests.test_api" name="test_stdatamodels_modules[persat]" time="0.001" /><testcase classname="jwst.datamodels.tests.test_api" name="test_stdatamodels_modules[photom]" time="0.001" /><testcase classname="jwst.datamodels.tests.test_api" name="test_stdatamodels_modules[pictureframe]" time="0.001" /><testcase classname="jwst.datamodels.tests.test_api" name="test_stdatamodels_modules[pixelarea]" time="0.001" /><testcase classname="jwst.datamodels.tests.test_api" name="test_stdatamodels_modules[psfmask]" time="0.001" /><testcase classname="jwst.datamodels.tests.test_api" name="test_stdatamodels_modules[quad]" time="0.001" /><testcase classname="jwst.datamodels.tests.test_api" name="test_stdatamodels_modules[ramp]" time="0.001" /><testcase classname="jwst.datamodels.tests.test_api" name="test_stdatamodels_modules[rampfitoutput]" time="0.001" /><testcase classname="jwst.datamodels.tests.test_api" name="test_stdatamodels_modules[readnoise]" time="0.001" /><testcase classname="jwst.datamodels.tests.test_api" name="test_stdatamodels_modules[reference]" time="0.001" /><testcase classname="jwst.datamodels.tests.test_api" name="test_stdatamodels_modules[reset]" time="0.001" /><testcase classname="jwst.datamodels.tests.test_api" name="test_stdatamodels_modules[resolution]" time="0.001" /><testcase classname="jwst.datamodels.tests.test_api" name="test_stdatamodels_modules[rscd]" time="0.001" /><testcase classname="jwst.datamodels.tests.test_api" name="test_stdatamodels_modules[saturation]" time="0.001" /><testcase classname="jwst.datamodels.tests.test_api" name="test_stdatamodels_modules[segmap]" time="0.001" /><testcase classname="jwst.datamodels.tests.test_api" name="test_stdatamodels_modules[sirs_kernel]" time="0.001" /><testcase classname="jwst.datamodels.tests.test_api" name="test_stdatamodels_modules[slit]" time="0.001" /><testcase classname="jwst.datamodels.tests.test_api" name="test_stdatamodels_modules[sossextractmodel]" time="0.001" /><testcase classname="jwst.datamodels.tests.test_api" name="test_stdatamodels_modules[sosswavegrid]" time="0.001" /><testcase classname="jwst.datamodels.tests.test_api" name="test_stdatamodels_modules[spec]" time="0.001" /><testcase classname="jwst.datamodels.tests.test_api" name="test_stdatamodels_modules[speckernel]" time="0.001" /><testcase classname="jwst.datamodels.tests.test_api" name="test_stdatamodels_modules[specprofile]" time="0.001" /><testcase classname="jwst.datamodels.tests.test_api" name="test_stdatamodels_modules[specpsf]" time="0.001" /><testcase classname="jwst.datamodels.tests.test_api" name="test_stdatamodels_modules[spectrace]" time="0.001" /><testcase classname="jwst.datamodels.tests.test_api" name="test_stdatamodels_modules[straylight]" time="0.001" /><testcase classname="jwst.datamodels.tests.test_api" name="test_stdatamodels_modules[superbias]" time="0.001" /><testcase classname="jwst.datamodels.tests.test_api" name="test_stdatamodels_modules[throughput]" time="0.001" /><testcase classname="jwst.datamodels.tests.test_api" name="test_stdatamodels_modules[trapdensity]" time="0.001" /><testcase classname="jwst.datamodels.tests.test_api" name="test_stdatamodels_modules[trappars]" time="0.001" /><testcase classname="jwst.datamodels.tests.test_api" name="test_stdatamodels_modules[trapsfilled]" time="0.001" /><testcase classname="jwst.extract_1d.tests.test_extract" name="test_get_extract_parameters_background[poly-True]" time="0.075" /><testcase classname="jwst.datamodels.tests.test_api" name="test_stdatamodels_modules[tsophot]" time="0.001" /><testcase classname="jwst.datamodels.tests.test_api" name="test_stdatamodels_modules[util]" time="0.001" /><testcase classname="jwst.datamodels.tests.test_api" name="test_stdatamodels_modules[validate]" time="0.001" /><testcase classname="jwst.datamodels.tests.test_api" name="test_stdatamodels_modules[wavemap]" time="0.001" /><testcase classname="jwst.datamodels.tests.test_api" name="test_stdatamodels_modules[wcs_ref_models]" time="0.001" /><testcase classname="jwst.datamodels.tests.test_api" name="test_jwst_datamodels_api[ABVegaOffsetModel]" time="0.001" /><testcase classname="jwst.datamodels.tests.test_api" name="test_jwst_datamodels_api[AmiLgFitModel]" time="0.001" /><testcase classname="jwst.tweakreg.tests.test_tweakreg" name="test_tweakreg_step[True]" time="1.280" /><testcase classname="jwst.datamodels.tests.test_api" name="test_jwst_datamodels_api[AmiLgModel]" time="0.001" /><testcase classname="jwst.datamodels.tests.test_api" name="test_jwst_datamodels_api[AmiOIModel]" time="0.001" /><testcase classname="jwst.datamodels.tests.test_api" name="test_jwst_datamodels_api[AsnModel]" time="0.001" /><testcase classname="jwst.datamodels.tests.test_api" name="test_jwst_datamodels_api[BarshadowModel]" time="0.001" /><testcase classname="jwst.datamodels.tests.test_api" name="test_jwst_datamodels_api[CameraModel]" time="0.001" /><testcase classname="jwst.datamodels.tests.test_api" name="test_jwst_datamodels_api[CollimatorModel]" time="0.001" /><testcase classname="jwst.datamodels.tests.test_api" name="test_jwst_datamodels_api[CombinedSpecModel]" time="0.001" /><testcase classname="jwst.datamodels.tests.test_api" name="test_jwst_datamodels_api[ContrastModel]" time="0.001" /><testcase classname="jwst.datamodels.tests.test_api" name="test_jwst_datamodels_api[CubeModel]" time="0.001" /><testcase classname="jwst.datamodels.tests.test_api" name="test_jwst_datamodels_api[DarkMIRIModel]" time="0.001" /><testcase classname="jwst.datamodels.tests.test_api" name="test_jwst_datamodels_api[DarkModel]" time="0.001" /><testcase classname="jwst.datamodels.tests.test_api" name="test_jwst_datamodels_api[DarkNirspecModel]" time="0.001" /><testcase classname="jwst.datamodels.tests.test_api" name="test_jwst_datamodels_api[DisperserModel]" time="0.001" /><testcase classname="jwst.datamodels.tests.test_api" name="test_jwst_datamodels_api[DistortionMRSModel]" time="0.001" /><testcase classname="jwst.lib.tests.test_set_telescope_pointing" name="test_allow_any_file[file_case1-False]" time="0.107" /><testcase classname="jwst.datamodels.tests.test_api" name="test_jwst_datamodels_api[DistortionModel]" time="0.001" /><testcase classname="jwst.datamodels.tests.test_api" name="test_jwst_datamodels_api[EmiModel]" time="0.001" /><testcase classname="jwst.datamodels.tests.test_api" name="test_jwst_datamodels_api[Extract1dIFUModel]" time="0.001" /><testcase classname="jwst.datamodels.tests.test_api" name="test_jwst_datamodels_api[FOREModel]" time="0.001" /><testcase classname="jwst.datamodels.tests.test_api" name="test_jwst_datamodels_api[FPAModel]" time="0.001" /><testcase classname="jwst.datamodels.tests.test_api" name="test_jwst_datamodels_api[FgsImgApcorrModel]" time="0.001" /><testcase classname="jwst.datamodels.tests.test_api" name="test_jwst_datamodels_api[FgsImgPhotomModel]" time="0.001" /><testcase classname="jwst.datamodels.tests.test_api" name="test_jwst_datamodels_api[FilteroffsetModel]" time="0.001" /><testcase classname="jwst.datamodels.tests.test_api" name="test_jwst_datamodels_api[FlatModel]" time="0.001" /><testcase classname="jwst.datamodels.tests.test_api" name="test_jwst_datamodels_api[FringeFreqModel]" time="0.001" /><testcase classname="jwst.datamodels.tests.test_api" name="test_jwst_datamodels_api[FringeModel]" time="0.001" /><testcase classname="jwst.datamodels.tests.test_api" name="test_jwst_datamodels_api[GainModel]" time="0.001" /><testcase classname="jwst.datamodels.tests.test_api" name="test_jwst_datamodels_api[GuiderCalModel]" time="0.001" /><testcase classname="jwst.datamodels.tests.test_api" name="test_jwst_datamodels_api[GuiderRawModel]" time="0.001" /><testcase classname="jwst.datamodels.tests.test_api" name="test_jwst_datamodels_api[IFUCubeModel]" time="0.001" /><testcase classname="jwst.datamodels.tests.test_api" name="test_jwst_datamodels_api[IFUFOREModel]" time="0.001" /><testcase classname="jwst.datamodels.tests.test_api" name="test_jwst_datamodels_api[IFUImageModel]" time="0.001" /><testcase classname="jwst.datamodels.tests.test_api" name="test_jwst_datamodels_api[IFUPostModel]" time="0.001" /><testcase classname="jwst.datamodels.tests.test_api" name="test_jwst_datamodels_api[IFUSlicerModel]" time="0.001" /><testcase classname="jwst.datamodels.tests.test_api" name="test_jwst_datamodels_api[IPCModel]" time="0.001" /><testcase classname="jwst.datamodels.tests.test_api" name="test_jwst_datamodels_api[IRS2Model]" time="0.001" /><testcase classname="jwst.datamodels.tests.test_api" name="test_jwst_datamodels_api[ImageModel]" time="0.001" /><testcase classname="jwst.extract_1d.tests.test_extract" name="test_get_extract_parameters_background[mean-None]" time="0.074" /><testcase classname="jwst.lib.tests.test_set_telescope_pointing" name="test_allow_any_file[file_case2-True]" time="0.022" /><testcase classname="jwst.datamodels.tests.test_api" name="test_jwst_datamodels_api[JwstDataModel]" time="0.001" /><testcase classname="jwst.datamodels.tests.test_api" name="test_jwst_datamodels_api[LastFrameModel]" time="0.001" /><testcase classname="jwst.datamodels.tests.test_api" name="test_jwst_datamodels_api[Level1bModel]" time="0.001" /><testcase classname="jwst.datamodels.tests.test_api" name="test_jwst_datamodels_api[LinearityModel]" time="0.001" /><testcase classname="jwst.datamodels.tests.test_api" name="test_jwst_datamodels_api[MRSMultiSpecModel]" time="0.001" /><testcase classname="jwst.datamodels.tests.test_api" name="test_jwst_datamodels_api[MRSSpecModel]" time="0.001" /><testcase classname="jwst.datamodels.tests.test_api" name="test_jwst_datamodels_api[MSAModel]" time="0.001" /><testcase classname="jwst.datamodels.tests.test_api" name="test_jwst_datamodels_api[MaskModel]" time="0.001" /><testcase classname="jwst.datamodels.tests.test_api" name="test_jwst_datamodels_api[MirImgApcorrModel]" time="0.001" /><testcase classname="jwst.datamodels.tests.test_api" name="test_jwst_datamodels_api[MirImgPhotomModel]" time="0.001" /><testcase classname="jwst.datamodels.tests.test_api" name="test_jwst_datamodels_api[MirLrsApcorrModel]" time="0.001" /><testcase classname="jwst.datamodels.tests.test_api" name="test_jwst_datamodels_api[MirLrsPathlossModel]" time="0.001" /><testcase classname="jwst.datamodels.tests.test_api" name="test_jwst_datamodels_api[MirLrsPhotomModel]" time="0.001" /><testcase classname="jwst.datamodels.tests.test_api" name="test_jwst_datamodels_api[MirMrsApcorrModel]" time="0.001" /><testcase classname="jwst.lib.tests.test_set_telescope_pointing" name="test_allow_any_file[file_case2-False]" time="0.004" /><testcase classname="jwst.datamodels.tests.test_api" name="test_jwst_datamodels_api[MirMrsPhotomModel]" time="0.001" /><testcase classname="jwst.datamodels.tests.test_api" name="test_jwst_datamodels_api[MirMrsPtCorrModel]" time="0.001" /><testcase classname="jwst.lib.tests.test_set_telescope_pointing" name="test_override_calc_wcs" time="0.051" /><testcase classname="jwst.datamodels.tests.test_api" name="test_jwst_datamodels_api[MirMrsXArtCorrModel]" time="0.001" /><testcase classname="jwst.datamodels.tests.test_api" name="test_jwst_datamodels_api[MirWfssPhotomModel]" time="0.001" /><testcase classname="jwst.datamodels.tests.test_api" name="test_jwst_datamodels_api[MiriIFUCubeParsModel]" time="0.001" /><testcase classname="jwst.datamodels.tests.test_api" name="test_jwst_datamodels_api[MiriLRSSpecwcsModel]" time="0.001" /><testcase classname="jwst.datamodels.tests.test_api" name="test_jwst_datamodels_api[MiriResolutionModel]" time="0.001" /><testcase classname="jwst.datamodels.tests.test_api" name="test_jwst_datamodels_api[MiriWFSSSpecwcsModel]" time="0.001" /><testcase classname="jwst.datamodels.tests.test_api" name="test_jwst_datamodels_api[MultiCombinedSpecModel]" time="0.001" /><testcase classname="jwst.datamodels.tests.test_api" name="test_jwst_datamodels_api[MultiExposureModel]" time="0.001" /><testcase classname="jwst.datamodels.tests.test_api" name="test_jwst_datamodels_api[MultiSlitModel]" time="0.001" /><testcase classname="jwst.datamodels.tests.test_api" name="test_jwst_datamodels_api[MultiSpecModel]" time="0.001" /><testcase classname="jwst.datamodels.tests.test_api" name="test_jwst_datamodels_api[NIRCAMGrismModel]" time="0.001" /><testcase classname="jwst.datamodels.tests.test_api" name="test_jwst_datamodels_api[NIRISSGrismModel]" time="0.001" /><testcase classname="jwst.datamodels.tests.test_api" name="test_jwst_datamodels_api[NRMModel]" time="0.001" /><testcase classname="jwst.datamodels.tests.test_api" name="test_jwst_datamodels_api[NirspecFlatModel]" time="0.001" /><testcase classname="jwst.datamodels.tests.test_api" name="test_jwst_datamodels_api[NirspecIFUCubeParsModel]" time="0.001" /><testcase classname="jwst.datamodels.tests.test_api" name="test_jwst_datamodels_api[NirspecIfuAreaModel]" time="0.001" /><testcase classname="jwst.datamodels.tests.test_api" name="test_jwst_datamodels_api[NirspecMosAreaModel]" time="0.001" /><testcase classname="jwst.datamodels.tests.test_api" name="test_jwst_datamodels_api[NirspecQuadFlatModel]" time="0.001" /><testcase classname="jwst.datamodels.tests.test_api" name="test_jwst_datamodels_api[NirspecSlitAreaModel]" time="0.001" /><testcase classname="jwst.datamodels.tests.test_api" name="test_jwst_datamodels_api[NisImgApcorrModel]" time="0.001" /><testcase classname="jwst.datamodels.tests.test_api" name="test_jwst_datamodels_api[NisImgPhotomModel]" time="0.001" /><testcase classname="jwst.datamodels.tests.test_api" name="test_jwst_datamodels_api[NisSossPhotomModel]" time="0.001" /><testcase classname="jwst.datamodels.tests.test_api" name="test_jwst_datamodels_api[NisWfssApcorrModel]" time="0.001" /><testcase classname="jwst.datamodels.tests.test_api" name="test_jwst_datamodels_api[NisWfssPhotomModel]" time="0.001" /><testcase classname="jwst.datamodels.tests.test_api" name="test_jwst_datamodels_api[NrcImgApcorrModel]" time="0.001" /><testcase classname="jwst.datamodels.tests.test_api" name="test_jwst_datamodels_api[NrcImgPhotomModel]" time="0.001" /><testcase classname="jwst.datamodels.tests.test_api" name="test_jwst_datamodels_api[NrcWfssApcorrModel]" time="0.001" /><testcase classname="jwst.datamodels.tests.test_api" name="test_jwst_datamodels_api[NrcWfssPhotomModel]" time="0.001" /><testcase classname="jwst.datamodels.tests.test_api" name="test_jwst_datamodels_api[NrsFsApcorrModel]" time="0.001" /><testcase classname="jwst.datamodels.tests.test_api" name="test_jwst_datamodels_api[NrsFsPhotomModel]" time="0.001" /><testcase classname="jwst.datamodels.tests.test_api" name="test_jwst_datamodels_api[NrsIfuApcorrModel]" time="0.001" /><testcase classname="jwst.lib.tests.test_set_telescope_pointing" name="test_override[m_eci2j-overridden]" time="0.001" /><testcase classname="jwst.datamodels.tests.test_api" name="test_jwst_datamodels_api[NrsMosApcorrModel]" time="0.001" /><testcase classname="jwst.datamodels.tests.test_api" name="test_jwst_datamodels_api[NrsMosPhotomModel]" time="0.001" /><testcase classname="jwst.lib.tests.test_set_telescope_pointing" name="test_override[m_j2fgs1-untouched]" time="0.001" /><testcase classname="jwst.datamodels.tests.test_api" name="test_jwst_datamodels_api[OTEModel]" time="0.001" /><testcase classname="jwst.datamodels.tests.test_api" name="test_jwst_datamodels_api[OutlierIFUOutputModel]" time="0.001" /><testcase classname="jwst.extract_1d.tests.test_extract" name="test_get_extract_parameters_background[mean-True]" time="0.085" /><testcase classname="jwst.datamodels.tests.test_api" name="test_jwst_datamodels_api[PastasossModel]" time="0.001" /><testcase classname="jwst.datamodels.tests.test_api" name="test_jwst_datamodels_api[PathlossModel]" time="0.001" /><testcase classname="jwst.datamodels.tests.test_api" name="test_jwst_datamodels_api[PersistenceSatModel]" time="0.001" /><testcase classname="jwst.datamodels.tests.test_api" name="test_jwst_datamodels_api[PictureFrameModel]" time="0.001" /><testcase classname="jwst.datamodels.tests.test_api" name="test_jwst_datamodels_api[PixelAreaModel]" time="0.001" /><testcase classname="jwst.datamodels.tests.test_api" name="test_jwst_datamodels_api[PsfMaskModel]" time="0.001" /><testcase classname="jwst.datamodels.tests.test_api" name="test_jwst_datamodels_api[QuadModel]" time="0.001" /><testcase classname="jwst.datamodels.tests.test_api" name="test_jwst_datamodels_api[RSCDModel]" time="0.001" /><testcase classname="jwst.datamodels.tests.test_api" name="test_jwst_datamodels_api[RampFitOutputModel]" time="0.001" /><testcase classname="jwst.datamodels.tests.test_api" name="test_jwst_datamodels_api[RampModel]" time="0.001" /><testcase classname="jwst.datamodels.tests.test_api" name="test_jwst_datamodels_api[ReadnoiseModel]" time="0.001" /><testcase classname="jwst.datamodels.tests.test_api" name="test_jwst_datamodels_api[ReferenceCubeModel]" time="0.001" /><testcase classname="jwst.datamodels.tests.test_api" name="test_jwst_datamodels_api[ReferenceFileModel]" time="0.001" /><testcase classname="jwst.datamodels.tests.test_api" name="test_jwst_datamodels_api[ReferenceImageModel]" time="0.001" /><testcase classname="jwst.datamodels.tests.test_api" name="test_jwst_datamodels_api[ReferenceQuadModel]" time="0.001" /><testcase classname="jwst.datamodels.tests.test_api" name="test_jwst_datamodels_api[RegionsModel]" time="0.001" /><testcase classname="jwst.datamodels.tests.test_api" name="test_jwst_datamodels_api[ResetModel]" time="0.001" /><testcase classname="jwst.datamodels.tests.test_api" name="test_jwst_datamodels_api[ResolutionModel]" time="0.001" /><testcase classname="jwst.datamodels.tests.test_api" name="test_jwst_datamodels_api[SIRSKernelModel]" time="0.001" /><testcase classname="jwst.datamodels.tests.test_api" name="test_jwst_datamodels_api[SaturationModel]" time="0.001" /><testcase classname="jwst.datamodels.tests.test_api" name="test_jwst_datamodels_api[SegmentationMapModel]" time="0.001" /><testcase classname="jwst.datamodels.tests.test_api" name="test_jwst_datamodels_api[SlitDataModel]" time="0.001" /><testcase classname="jwst.datamodels.tests.test_api" name="test_jwst_datamodels_api[SlitModel]" time="0.001" /><testcase classname="jwst.regtest.test_fgs_pointing" name="test_wcs_calc_guiding[fgs_acq1_guider1-crpix1]" time="0.551" /><testcase classname="jwst.datamodels.tests.test_api" name="test_jwst_datamodels_api[SossBkgModel]" time="0.001" /><testcase classname="jwst.datamodels.tests.test_api" name="test_jwst_datamodels_api[SossExtractModel]" time="0.001" /><testcase classname="jwst.regtest.test_fgs_pointing" name="test_wcs_calc_guiding[fgs_acq1_guider1-crpix2]" time="0.001" /><testcase classname="jwst.datamodels.tests.test_api" name="test_jwst_datamodels_api[SossWaveGridModel]" time="0.001" /><testcase classname="jwst.datamodels.tests.test_api" name="test_jwst_datamodels_api[SpecKernelModel]" time="0.001" /><testcase classname="jwst.regtest.test_fgs_pointing" name="test_wcs_calc_guiding[fgs_acq1_guider1-crval1]" time="0.001" /><testcase classname="jwst.datamodels.tests.test_api" name="test_jwst_datamodels_api[SpecModel]" time="0.001" /><testcase classname="jwst.regtest.test_fgs_pointing" name="test_wcs_calc_guiding[fgs_acq1_guider1-crval2]" time="0.001" /><testcase classname="jwst.lib.tests.test_set_telescope_pointing" name="test_transform_serialize[coarse_tr_202111]" time="0.101" /><testcase classname="jwst.datamodels.tests.test_api" name="test_jwst_datamodels_api[SpecProfileModel]" time="0.001" /><testcase classname="jwst.datamodels.tests.test_api" name="test_jwst_datamodels_api[SpecProfileSingleModel]" time="0.001" /><testcase classname="jwst.regtest.test_fgs_pointing" name="test_wcs_calc_guiding[fgs_acq1_guider1-pc_matrix]" time="0.001" /><testcase classname="jwst.datamodels.tests.test_api" name="test_jwst_datamodels_api[SpecPsfModel]" time="0.001" /><testcase classname="jwst.datamodels.tests.test_api" name="test_jwst_datamodels_api[SpecTraceModel]" time="0.001" /><testcase classname="jwst.datamodels.tests.test_api" name="test_jwst_datamodels_api[SpecTraceSingleModel]" time="0.001" /><testcase classname="jwst.datamodels.tests.test_api" name="test_jwst_datamodels_api[SpecwcsModel]" time="0.001" /><testcase classname="jwst.datamodels.tests.test_api" name="test_jwst_datamodels_api[StrayLightModel]" time="0.001" /><testcase classname="jwst.datamodels.tests.test_api" name="test_jwst_datamodels_api[SuperBiasModel]" time="0.001" /><testcase classname="jwst.datamodels.tests.test_api" name="test_jwst_datamodels_api[TSOMultiSpecModel]" time="0.001" /><testcase classname="jwst.datamodels.tests.test_api" name="test_jwst_datamodels_api[TSOSpecModel]" time="0.001" /><testcase classname="jwst.datamodels.tests.test_api" name="test_jwst_datamodels_api[ThroughputModel]" time="0.001" /><testcase classname="jwst.datamodels.tests.test_api" name="test_jwst_datamodels_api[TrapDensityModel]" time="0.001" /><testcase classname="jwst.datamodels.tests.test_api" name="test_jwst_datamodels_api[TrapParsModel]" time="0.001" /><testcase classname="jwst.datamodels.tests.test_api" name="test_jwst_datamodels_api[TrapsFilledModel]" time="0.001" /><testcase classname="jwst.datamodels.tests.test_api" name="test_jwst_datamodels_api[TsoPhotModel]" time="0.001" /><testcase classname="jwst.datamodels.tests.test_api" name="test_jwst_datamodels_api[WFSSCombinedSpecModel]" time="0.001" /><testcase classname="jwst.datamodels.tests.test_api" name="test_jwst_datamodels_api[WFSSMultiCombinedSpecModel]" time="0.001" /><testcase classname="jwst.datamodels.tests.test_api" name="test_jwst_datamodels_api[WFSSMultiSpecModel]" time="0.001" /><testcase classname="jwst.extract_1d.tests.test_extract" name="test_get_extract_parameters_background[None-None]" time="0.076" /><testcase classname="jwst.datamodels.tests.test_api" name="test_jwst_datamodels_api[WFSSSpecModel]" time="0.001" /><testcase classname="jwst.datamodels.tests.test_api" name="test_jwst_datamodels_api[WaveCorrModel]" time="0.001" /><testcase classname="jwst.datamodels.tests.test_api" name="test_jwst_datamodels_api[WaveMapModel]" time="0.001" /><testcase classname="jwst.datamodels.tests.test_api" name="test_jwst_datamodels_api[WaveMapSingleModel]" time="0.001" /><testcase classname="jwst.datamodels.tests.test_api" name="test_jwst_datamodels_api[WavelengthrangeModel]" time="0.001" /><testcase classname="jwst.datamodels.tests.test_api" name="test_jwst_datamodels_api[WfssBkgModel]" time="0.001" /><testcase classname="jwst.datamodels.tests.test_api" name="test_jwst_datamodels_api[open]" time="0.001" /><testcase classname="jwst.datamodels.tests.test_api" name="test_jwst_datamodels_api[read_metadata]" time="0.001" /><testcase classname="jwst.datamodels.tests.test_api" name="test_jwst_datamodels_modules" time="0.001" /><testcase classname="jwst.datamodels.tests.test_api" name="test_jwst_datamodels[ModelContainer]" time="0.001" /><testcase classname="jwst.datamodels.tests.test_api" name="test_jwst_datamodels[ModelLibrary]" time="0.001" /><testcase classname="jwst.datamodels.tests.test_api" name="test_jwst_datamodels[SourceModelContainer]" time="0.001" /><testcase classname="jwst.clean_flicker_noise.tests.test_clean_flicker_noise" name="test_make_rate" time="1.517" /><testcase classname="jwst.lib.tests.test_set_telescope_pointing" name="test_methods[coarse_tr_202111-m_eci2fgs1]" time="0.031" /><testcase classname="jwst.lib.tests.test_set_telescope_pointing" name="test_methods[coarse_tr_202111-m_eci2gs]" time="0.029" /><testcase classname="jwst.extract_1d.tests.test_extract" name="test_get_extract_parameters_background[None-True]" time="0.079" /><testcase classname="jwst.lib.tests.test_set_telescope_pointing" name="test_methods[coarse_tr_202111-m_eci2j]" time="0.028" /><testcase classname="jwst.lib.tests.test_set_telescope_pointing" name="test_methods[coarse_tr_202111-m_eci2siaf]" time="0.028" /><testcase classname="jwst.lib.tests.test_set_telescope_pointing" name="test_methods[coarse_tr_202111-m_eci2sifov]" time="0.028" /><testcase classname="jwst.extract_1d.tests.test_extract" name="test_get_extract_parameters_bg_ignored" time="0.077" /><testcase classname="jwst.lib.tests.test_set_telescope_pointing" name="test_methods[coarse_tr_202111-m_eci2v]" time="0.028" /><testcase classname="jwst.lib.tests.test_set_telescope_pointing" name="test_methods[coarse_tr_202111-m_fgsx2gs]" time="0.030" /><testcase classname="jwst.lib.tests.test_set_telescope_pointing" name="test_methods[coarse_tr_202111-m_fgs12sifov]" time="0.030" /><testcase classname="jwst.extract_1d.tests.test_extract" name="test_get_extract_parameters_no_match[slit2]" time="0.077" /><testcase classname="jwst.lib.tests.test_set_telescope_pointing" name="test_methods[coarse_tr_202111-m_gs2gsapp]" time="0.031" /><testcase classname="jwst.lib.tests.test_set_telescope_pointing" name="test_methods[coarse_tr_202111-m_j2fgs1]" time="0.028" /><testcase classname="jwst.extract_1d.tests.test_extract" name="test_get_extract_parameters_no_match[no_match]" time="0.076" /><testcase classname="jwst.lib.tests.test_set_telescope_pointing" name="test_methods[coarse_tr_202111-m_sifov_fsm_delta]" time="0.029" /><testcase classname="jwst.lib.tests.test_set_telescope_pointing" name="test_methods[coarse_tr_202111-m_sifov2v]" time="0.028" /><testcase classname="jwst.lib.tests.test_set_telescope_pointing" name="test_methods[coarse_tr_202111-m_v2siaf]" time="0.028" /><testcase classname="jwst.extract_1d.tests.test_extract" name="test_get_extract_parameters_source_posn_exptype" time="0.096" /><testcase classname="jwst.lib.tests.test_set_telescope_pointing" name="test_methods[coarse_tr_202111-override]" time="0.028" /><testcase classname="jwst.lib.tests.test_set_telescope_pointing" name="test_transform_serialize[ops_tr_202111]" time="0.101" /><testcase classname="jwst.extract_1d.tests.test_extract" name="test_get_extract_parameters_source_posn_from_ref" time="0.087" /><testcase classname="jwst.lib.tests.test_set_telescope_pointing" name="test_methods[ops_tr_202111-m_eci2fgs1]" time="0.030" /><testcase classname="jwst.extract_1d.tests.test_extract" name="test_get_extract_parameters_smoothing[3]" time="0.075" /><testcase classname="jwst.lib.tests.test_set_telescope_pointing" name="test_methods[ops_tr_202111-m_eci2gs]" time="0.029" /><testcase classname="jwst.lib.tests.test_set_telescope_pointing" name="test_methods[ops_tr_202111-m_eci2j]" time="0.030" /><testcase classname="jwst.lib.tests.test_set_telescope_pointing" name="test_methods[ops_tr_202111-m_eci2siaf]" time="0.037" /><testcase classname="jwst.extract_1d.tests.test_extract" name="test_get_extract_parameters_smoothing[4]" time="0.075" /><testcase classname="jwst.lib.tests.test_set_telescope_pointing" name="test_methods[ops_tr_202111-m_eci2sifov]" time="0.205" /><testcase classname="jwst.extract_1d.tests.test_extract" name="test_get_extract_parameters_smoothing[2.8]" time="0.078" /><testcase classname="jwst.regtest.test_fgs_pointing" name="test_wcs_calc_guiding[fgs_acq1_guider2-crpix1]" time="0.768" /><testcase classname="jwst.regtest.test_fgs_pointing" name="test_wcs_calc_guiding[fgs_acq1_guider2-crpix2]" time="0.001" /><testcase classname="jwst.regtest.test_fgs_pointing" name="test_wcs_calc_guiding[fgs_acq1_guider2-crval1]" time="0.001" /><testcase classname="jwst.regtest.test_fgs_pointing" name="test_wcs_calc_guiding[fgs_acq1_guider2-crval2]" time="0.001" /><testcase classname="jwst.skymatch.tests.test_skymatch" name="test_skymatch[local-False-median-False-False]" time="2.131" /><testcase classname="jwst.regtest.test_fgs_pointing" name="test_wcs_calc_guiding[fgs_acq1_guider2-pc_matrix]" time="0.001" /><testcase classname="jwst.lib.tests.test_suffix" name="test_suffix_removal[adaptive_trace_model]" time="0.001" /><testcase classname="jwst.lib.tests.test_suffix" name="test_suffix_removal[adaptivetracemodelstep]" time="0.001" /><testcase classname="jwst.lib.tests.test_suffix" name="test_suffix_removal[align_refs]" time="0.001" /><testcase classname="jwst.lib.tests.test_suffix" name="test_suffix_removal[alignrefsstep]" time="0.001" /><testcase classname="jwst.lib.tests.test_suffix" name="test_suffix_removal[ami]" time="0.001" /><testcase classname="jwst.lib.tests.test_suffix" name="test_suffix_removal[ami-oi]" time="0.001" /><testcase classname="jwst.lib.tests.test_suffix" name="test_suffix_removal[ami3pipeline]" time="0.001" /><testcase classname="jwst.lib.tests.test_suffix" name="test_suffix_removal[ami_analyze]" time="0.001" /><testcase classname="jwst.lib.tests.test_suffix" name="test_suffix_removal[ami_normalize]" time="0.001" /><testcase classname="jwst.lib.tests.test_suffix" name="test_suffix_removal[amianalyzestep]" time="0.001" /><testcase classname="jwst.lib.tests.test_suffix" name="test_suffix_removal[aminorm]" time="0.001" /><testcase classname="jwst.lib.tests.test_suffix" name="test_suffix_removal[aminorm-oi]" time="0.001" /><testcase classname="jwst.lib.tests.test_suffix" name="test_suffix_removal[aminormalizestep]" time="0.001" /><testcase classname="jwst.lib.tests.test_suffix" name="test_suffix_removal[assign_mtwcs]" time="0.001" /><testcase classname="jwst.lib.tests.test_suffix" name="test_suffix_removal[assign_wcs]" time="0.001" /><testcase classname="jwst.lib.tests.test_suffix" name="test_suffix_removal[assignmtwcsstep]" time="0.001" /><testcase classname="jwst.lib.tests.test_suffix" name="test_suffix_removal[assignwcsstep]" time="0.001" /><testcase classname="jwst.lib.tests.test_suffix" name="test_suffix_removal[backgroundstep]" time="0.001" /><testcase classname="jwst.lib.tests.test_suffix" name="test_suffix_removal[badpixselfcalstep]" time="0.001" /><testcase classname="jwst.lib.tests.test_suffix" name="test_suffix_removal[barshadowstep]" time="0.001" /><testcase classname="jwst.lib.tests.test_suffix" name="test_suffix_removal[bkg_subtract]" time="0.001" /><testcase classname="jwst.lib.tests.test_suffix" name="test_suffix_removal[blot]" time="0.001" /><testcase classname="jwst.lib.tests.test_suffix" name="test_suffix_removal[bsub]" time="0.001" /><testcase classname="jwst.lib.tests.test_suffix" name="test_suffix_removal[bsubints]" time="0.001" /><testcase classname="jwst.lib.tests.test_suffix" name="test_suffix_removal[c1d]" time="0.001" /><testcase classname="jwst.lib.tests.test_suffix" name="test_suffix_removal[cal]" time="0.001" /><testcase classname="jwst.extract_1d.tests.test_extract" name="test_get_extract_parameters_smoothing[3.5]" time="0.075" /><testcase classname="jwst.lib.tests.test_suffix" name="test_suffix_removal[calints]" time="0.001" /><testcase classname="jwst.lib.tests.test_suffix" name="test_suffix_removal[cat]" time="0.001" /><testcase classname="jwst.lib.tests.test_suffix" name="test_suffix_removal[chargemigrationstep]" time="0.001" /><testcase classname="jwst.lib.tests.test_suffix" name="test_suffix_removal[clean_flicker_noise]" time="0.001" /><testcase classname="jwst.lib.tests.test_suffix" name="test_suffix_removal[cleanflickernoisestep]" time="0.001" /><testcase classname="jwst.lib.tests.test_suffix" name="test_suffix_removal[combine1dstep]" time="0.001" /><testcase classname="jwst.lib.tests.test_suffix" name="test_suffix_removal[combine_1d]" time="0.001" /><testcase classname="jwst.lib.tests.test_suffix" name="test_suffix_removal[coron3pipeline]" time="0.001" /><testcase classname="jwst.lib.tests.test_suffix" name="test_suffix_removal[crf]" time="0.001" /><testcase classname="jwst.lib.tests.test_suffix" name="test_suffix_removal[crfints]" time="0.001" /><testcase classname="jwst.lib.tests.test_suffix" name="test_suffix_removal[cube_build]" time="0.001" /><testcase classname="jwst.lib.tests.test_suffix" name="test_suffix_removal[cubebuildstep]" time="0.001" /><testcase classname="jwst.lib.tests.test_suffix" name="test_suffix_removal[dark]" time="0.001" /><testcase classname="jwst.lib.tests.test_suffix" name="test_suffix_removal[dark_current]" time="0.001" /><testcase classname="jwst.lib.tests.test_suffix" name="test_suffix_removal[darkcurrentstep]" time="0.001" /><testcase classname="jwst.lib.tests.test_suffix" name="test_suffix_removal[darkpipeline]" time="0.001" /><testcase classname="jwst.lib.tests.test_suffix" name="test_suffix_removal[detector1pipeline]" time="0.001" /><testcase classname="jwst.lib.tests.test_suffix" name="test_suffix_removal[dq_init]" time="0.001" /><testcase classname="jwst.lib.tests.test_suffix" name="test_suffix_removal[dqinitstep]" time="0.001" /><testcase classname="jwst.lib.tests.test_suffix" name="test_suffix_removal[emicorr]" time="0.001" /><testcase classname="jwst.lib.tests.test_suffix" name="test_suffix_removal[emicorrstep]" time="0.001" /><testcase classname="jwst.lib.tests.test_suffix" name="test_suffix_removal[engdblog]" time="0.001" /><testcase classname="jwst.lib.tests.test_suffix" name="test_suffix_removal[extract1dstep]" time="0.001" /><testcase classname="jwst.lib.tests.test_suffix" name="test_suffix_removal[extract2dstep]" time="0.001" /><testcase classname="jwst.lib.tests.test_suffix" name="test_suffix_removal[extract_1d]" time="0.001" /><testcase classname="jwst.lib.tests.test_suffix" name="test_suffix_removal[extract_2d]" time="0.001" /><testcase classname="jwst.lib.tests.test_suffix" name="test_suffix_removal[firstframe]" time="0.001" /><testcase classname="jwst.lib.tests.test_suffix" name="test_suffix_removal[firstframestep]" time="0.001" /><testcase classname="jwst.lib.tests.test_suffix" name="test_suffix_removal[flat_field]" time="0.001" /><testcase classname="jwst.lib.tests.test_suffix" name="test_suffix_removal[flatfieldstep]" time="0.001" /><testcase classname="jwst.lib.tests.test_suffix" name="test_suffix_removal[fringe]" time="0.001" /><testcase classname="jwst.lib.tests.test_suffix" name="test_suffix_removal[fringestep]" time="0.001" /><testcase classname="jwst.lib.tests.test_suffix" name="test_suffix_removal[gain_scale]" time="0.001" /><testcase classname="jwst.lib.tests.test_suffix" name="test_suffix_removal[gainscalestep]" time="0.001" /><testcase classname="jwst.lib.tests.test_suffix" name="test_suffix_removal[group_scale]" time="0.001" /><testcase classname="jwst.lib.tests.test_suffix" name="test_suffix_removal[groupscalestep]" time="0.001" /><testcase classname="jwst.lib.tests.test_suffix" name="test_suffix_removal[guider_cds]" time="0.001" /><testcase classname="jwst.lib.tests.test_suffix" name="test_suffix_removal[guidercdsstep]" time="0.001" /><testcase classname="jwst.lib.tests.test_suffix" name="test_suffix_removal[guiderpipeline]" time="0.001" /><testcase classname="jwst.lib.tests.test_suffix" name="test_suffix_removal[hlsp]" time="0.001" /><testcase classname="jwst.lib.tests.test_suffix" name="test_suffix_removal[hlspstep]" time="0.001" /><testcase classname="jwst.lib.tests.test_suffix" name="test_suffix_removal[i2d]" time="0.001" /><testcase classname="jwst.lib.tests.test_suffix" name="test_suffix_removal[image2pipeline]" time="0.001" /><testcase classname="jwst.lib.tests.test_suffix" name="test_suffix_removal[image3pipeline]" time="0.001" /><testcase classname="jwst.lib.tests.test_suffix" name="test_suffix_removal[imprint]" time="0.001" /><testcase classname="jwst.lib.tests.test_suffix" name="test_suffix_removal[imprintstep]" time="0.001" /><testcase classname="jwst.lib.tests.test_set_telescope_pointing" name="test_methods[ops_tr_202111-m_eci2v]" time="0.029" /><testcase classname="jwst.lib.tests.test_suffix" name="test_suffix_removal[ipc]" time="0.001" /><testcase classname="jwst.lib.tests.test_suffix" name="test_suffix_removal[ipcstep]" time="0.001" /><testcase classname="jwst.extract_1d.tests.test_extract" name="test_get_extract_parameters_smoothing_bad_value[-1]" time="0.077" /><testcase classname="jwst.lib.tests.test_suffix" name="test_suffix_removal[jump]" time="0.001" /><testcase classname="jwst.lib.tests.test_suffix" name="test_suffix_removal[jumpstep]" time="0.001" /><testcase classname="jwst.lib.tests.test_suffix" name="test_suffix_removal[klip]" time="0.001" /><testcase classname="jwst.lib.tests.test_suffix" name="test_suffix_removal[klipstep]" time="0.001" /><testcase classname="jwst.lib.tests.test_suffix" name="test_suffix_removal[lastframe]" time="0.001" /><testcase classname="jwst.lib.tests.test_suffix" name="test_suffix_removal[lastframestep]" time="0.001" /><testcase classname="jwst.lib.tests.test_suffix" name="test_suffix_removal[linearity]" time="0.001" /><testcase classname="jwst.lib.tests.test_suffix" name="test_suffix_removal[linearitystep]" time="0.001" /><testcase classname="jwst.lib.tests.test_suffix" name="test_suffix_removal[master_background]" time="0.001" /><testcase classname="jwst.lib.tests.test_suffix" name="test_suffix_removal[masterbackgroundmosstep]" time="0.001" /><testcase classname="jwst.lib.tests.test_suffix" name="test_suffix_removal[masterbackgroundstep]" time="0.001" /><testcase classname="jwst.lib.tests.test_suffix" name="test_suffix_removal[mbsub]" time="0.001" /><testcase classname="jwst.lib.tests.test_suffix" name="test_suffix_removal[median]" time="0.001" /><testcase classname="jwst.lib.tests.test_suffix" name="test_suffix_removal[msaflagopenstep]" time="0.001" /><testcase classname="jwst.lib.tests.test_suffix" name="test_suffix_removal[outlier_detection]" time="0.001" /><testcase classname="jwst.lib.tests.test_suffix" name="test_suffix_removal[outlierdetectionstep]" time="0.001" /><testcase classname="jwst.lib.tests.test_set_telescope_pointing" name="test_methods[ops_tr_202111-m_fgsx2gs]" time="0.030" /><testcase classname="jwst.lib.tests.test_suffix" name="test_suffix_removal[pathloss]" time="0.001" /><testcase classname="jwst.lib.tests.test_suffix" name="test_suffix_removal[pathlossstep]" time="0.001" /><testcase classname="jwst.lib.tests.test_suffix" name="test_suffix_removal[persistence]" time="0.001" /><testcase classname="jwst.lib.tests.test_suffix" name="test_suffix_removal[persistencestep]" time="0.001" /><testcase classname="jwst.lib.tests.test_suffix" name="test_suffix_removal[phot]" time="0.001" /><testcase classname="jwst.lib.tests.test_suffix" name="test_suffix_removal[photom]" time="0.001" /><testcase classname="jwst.lib.tests.test_suffix" name="test_suffix_removal[photomstep]" time="0.001" /><testcase classname="jwst.lib.tests.test_suffix" name="test_suffix_removal[picture_frame]" time="0.001" /><testcase classname="jwst.lib.tests.test_suffix" name="test_suffix_removal[pictureframestep]" time="0.001" /><testcase classname="jwst.lib.tests.test_suffix" name="test_suffix_removal[pixelreplacestep]" time="0.001" /><testcase classname="jwst.lib.tests.test_suffix" name="test_suffix_removal[psfalign]" time="0.001" /><testcase classname="jwst.lib.tests.test_suffix" name="test_suffix_removal[psfstack]" time="0.001" /><testcase classname="jwst.lib.tests.test_suffix" name="test_suffix_removal[psfsub]" time="0.001" /><testcase classname="jwst.lib.tests.test_suffix" name="test_suffix_removal[ramp]" time="0.001" /><testcase classname="jwst.lib.tests.test_suffix" name="test_suffix_removal[ramp_fit]" time="0.001" /><testcase classname="jwst.lib.tests.test_suffix" name="test_suffix_removal[rampfitstep]" time="0.001" /><testcase classname="jwst.lib.tests.test_suffix" name="test_suffix_removal[rate]" time="0.001" /><testcase classname="jwst.lib.tests.test_suffix" name="test_suffix_removal[rateints]" time="0.001" /><testcase classname="jwst.lib.tests.test_suffix" name="test_suffix_removal[refpix]" time="0.001" /><testcase classname="jwst.lib.tests.test_set_telescope_pointing" name="test_methods[ops_tr_202111-m_fgs12sifov]" time="0.029" /><testcase classname="jwst.lib.tests.test_suffix" name="test_suffix_removal[refpixstep]" time="0.001" /><testcase classname="jwst.lib.tests.test_suffix" name="test_suffix_removal[resample]" time="0.001" /><testcase classname="jwst.lib.tests.test_suffix" name="test_suffix_removal[resample_spec]" time="0.001" /><testcase classname="jwst.lib.tests.test_suffix" name="test_suffix_removal[resamplespecstep]" time="0.001" /><testcase classname="jwst.lib.tests.test_suffix" name="test_suffix_removal[resamplestep]" time="0.001" /><testcase classname="jwst.lib.tests.test_suffix" name="test_suffix_removal[reset]" time="0.001" /><testcase classname="jwst.lib.tests.test_suffix" name="test_suffix_removal[resetstep]" time="0.001" /><testcase classname="jwst.lib.tests.test_suffix" name="test_suffix_removal[residual_fringe]" time="0.001" /><testcase classname="jwst.lib.tests.test_suffix" name="test_suffix_removal[residualfringestep]" time="0.001" /><testcase classname="jwst.lib.tests.test_suffix" name="test_suffix_removal[rscd]" time="0.001" /><testcase classname="jwst.lib.tests.test_suffix" name="test_suffix_removal[rscdstep]" time="0.001" /><testcase classname="jwst.extract_1d.tests.test_extract" name="test_get_extract_parameters_smoothing_bad_value[1]" time="0.077" /><testcase classname="jwst.lib.tests.test_suffix" name="test_suffix_removal[s2d]" time="0.001" /><testcase classname="jwst.lib.tests.test_suffix" name="test_suffix_removal[s3d]" time="0.001" /><testcase classname="jwst.lib.tests.test_suffix" name="test_suffix_removal[saturation]" time="0.001" /><testcase classname="jwst.lib.tests.test_suffix" name="test_suffix_removal[saturationstep]" time="0.001" /><testcase classname="jwst.lib.tests.test_suffix" name="test_suffix_removal[skymatch]" time="0.001" /><testcase classname="jwst.lib.tests.test_suffix" name="test_suffix_removal[skymatchstep]" time="0.001" /><testcase classname="jwst.lib.tests.test_suffix" name="test_suffix_removal[snr]" time="0.001" /><testcase classname="jwst.lib.tests.test_set_telescope_pointing" name="test_methods[ops_tr_202111-m_gs2gsapp]" time="0.029" /><testcase classname="jwst.lib.tests.test_suffix" name="test_suffix_removal[source_catalog]" time="0.001" /><testcase classname="jwst.lib.tests.test_suffix" name="test_suffix_removal[sourcecatalogstep]" time="0.001" /><testcase classname="jwst.lib.tests.test_suffix" name="test_suffix_removal[sourcetypestep]" time="0.001" /><testcase classname="jwst.lib.tests.test_suffix" name="test_suffix_removal[spec2nrslamp]" time="0.001" /><testcase classname="jwst.lib.tests.test_suffix" name="test_suffix_removal[spec2pipeline]" time="0.001" /><testcase classname="jwst.lib.tests.test_suffix" name="test_suffix_removal[spec3pipeline]" time="0.001" /><testcase classname="jwst.lib.tests.test_suffix" name="test_suffix_removal[spectral_leak]" time="0.001" /><testcase classname="jwst.lib.tests.test_suffix" name="test_suffix_removal[spectralleakstep]" time="0.001" /><testcase classname="jwst.lib.tests.test_suffix" name="test_suffix_removal[srctype]" time="0.001" /><testcase classname="jwst.lib.tests.test_suffix" name="test_suffix_removal[stackrefs]" time="0.001" /><testcase classname="jwst.lib.tests.test_suffix" name="test_suffix_removal[stackrefsstep]" time="0.001" /><testcase classname="jwst.lib.tests.test_suffix" name="test_suffix_removal[straylight]" time="0.001" /><testcase classname="jwst.lib.tests.test_suffix" name="test_suffix_removal[straylightstep]" time="0.001" /><testcase classname="jwst.lib.tests.test_suffix" name="test_suffix_removal[superbias]" time="0.001" /><testcase classname="jwst.lib.tests.test_suffix" name="test_suffix_removal[superbiasstep]" time="0.001" /><testcase classname="jwst.lib.tests.test_suffix" name="test_suffix_removal[targ_centroid]" time="0.002" /><testcase classname="jwst.lib.tests.test_suffix" name="test_suffix_removal[targcentroidstep]" time="0.001" /><testcase classname="jwst.lib.tests.test_suffix" name="test_suffix_removal[tso3pipeline]" time="0.001" /><testcase classname="jwst.lib.tests.test_set_telescope_pointing" name="test_methods[ops_tr_202111-m_j2fgs1]" time="0.029" /><testcase classname="jwst.lib.tests.test_suffix" name="test_suffix_removal[tsophotometrystep]" time="0.001" /><testcase classname="jwst.lib.tests.test_suffix" name="test_suffix_removal[tweakreg]" time="0.001" /><testcase classname="jwst.lib.tests.test_suffix" name="test_suffix_removal[tweakregstep]" time="0.001" /><testcase classname="jwst.lib.tests.test_suffix" name="test_suffix_removal[uncal]" time="0.001" /><testcase classname="jwst.lib.tests.test_suffix" name="test_suffix_removal[wavecorrstep]" time="0.001" /><testcase classname="jwst.lib.tests.test_suffix" name="test_suffix_removal[wfscmb]" time="0.001" /><testcase classname="jwst.tweakreg.tests.test_tweakreg" name="test_tweakreg_step[False]" time="1.181" /><testcase classname="jwst.lib.tests.test_suffix" name="test_suffix_removal[wfscombine]" time="0.001" /><testcase classname="jwst.lib.tests.test_suffix" name="test_suffix_removal[wfscombinestep]" time="0.001" /><testcase classname="jwst.lib.tests.test_suffix" name="test_suffix_removal[wfsscontamstep]" time="0.001" /><testcase classname="jwst.lib.tests.test_suffix" name="test_suffix_removal[white_light]" time="0.001" /><testcase classname="jwst.lib.tests.test_suffix" name="test_suffix_removal[whitelightstep]" time="0.001" /><testcase classname="jwst.lib.tests.test_suffix" name="test_suffix_removal[whtlt]" time="0.001" /><testcase classname="jwst.lib.tests.test_suffix" name="test_suffix_removal[x1d]" time="0.001" /><testcase classname="jwst.lib.tests.test_suffix" name="test_suffix_removal[x1dints]" time="0.001" /><testcase classname="jwst.lib.tests.test_suffix" name="test_suffix_replacement[adaptive_trace_model]" time="0.001" /><testcase classname="jwst.lib.tests.test_suffix" name="test_suffix_replacement[adaptivetracemodelstep]" time="0.001" /><testcase classname="jwst.lib.tests.test_suffix" name="test_suffix_replacement[align_refs]" time="0.001" /><testcase classname="jwst.lib.tests.test_suffix" name="test_suffix_replacement[alignrefsstep]" time="0.001" /><testcase classname="jwst.lib.tests.test_set_telescope_pointing" name="test_methods[ops_tr_202111-m_sifov_fsm_delta]" time="0.030" /><testcase classname="jwst.lib.tests.test_suffix" name="test_suffix_replacement[ami]" time="0.001" /><testcase classname="jwst.lib.tests.test_suffix" name="test_suffix_replacement[ami-oi]" time="0.001" /><testcase classname="jwst.lib.tests.test_suffix" name="test_suffix_replacement[ami3pipeline]" time="0.001" /><testcase classname="jwst.lib.tests.test_suffix" name="test_suffix_replacement[ami_analyze]" time="0.001" /><testcase classname="jwst.extract_1d.tests.test_extract" name="test_get_extract_parameters_smoothing_bad_value[2]" time="0.078" /><testcase classname="jwst.lib.tests.test_suffix" name="test_suffix_replacement[ami_normalize]" time="0.001" /><testcase classname="jwst.lib.tests.test_suffix" name="test_suffix_replacement[amianalyzestep]" time="0.001" /><testcase classname="jwst.lib.tests.test_suffix" name="test_suffix_replacement[aminorm]" time="0.001" /><testcase classname="jwst.lib.tests.test_suffix" name="test_suffix_replacement[aminorm-oi]" time="0.001" /><testcase classname="jwst.lib.tests.test_suffix" name="test_suffix_replacement[aminormalizestep]" time="0.001" /><testcase classname="jwst.lib.tests.test_suffix" name="test_suffix_replacement[assign_mtwcs]" time="0.001" /><testcase classname="jwst.lib.tests.test_suffix" name="test_suffix_replacement[assign_wcs]" time="0.001" /><testcase classname="jwst.lib.tests.test_suffix" name="test_suffix_replacement[assignmtwcsstep]" time="0.001" /><testcase classname="jwst.lib.tests.test_suffix" name="test_suffix_replacement[assignwcsstep]" time="0.001" /><testcase classname="jwst.lib.tests.test_suffix" name="test_suffix_replacement[backgroundstep]" time="0.001" /><testcase classname="jwst.lib.tests.test_suffix" name="test_suffix_replacement[badpixselfcalstep]" time="0.001" /><testcase classname="jwst.lib.tests.test_suffix" name="test_suffix_replacement[barshadowstep]" time="0.001" /><testcase classname="jwst.lib.tests.test_suffix" name="test_suffix_replacement[bkg_subtract]" time="0.001" /><testcase classname="jwst.lib.tests.test_suffix" name="test_suffix_replacement[blot]" time="0.001" /><testcase classname="jwst.lib.tests.test_suffix" name="test_suffix_replacement[bsub]" time="0.001" /><testcase classname="jwst.lib.tests.test_set_telescope_pointing" name="test_methods[ops_tr_202111-m_sifov2v]" time="0.029" /><testcase classname="jwst.lib.tests.test_suffix" name="test_suffix_replacement[bsubints]" time="0.001" /><testcase classname="jwst.lib.tests.test_suffix" name="test_suffix_replacement[c1d]" time="0.001" /><testcase classname="jwst.lib.tests.test_suffix" name="test_suffix_replacement[cal]" time="0.001" /><testcase classname="jwst.lib.tests.test_suffix" name="test_suffix_replacement[calints]" time="0.001" /><testcase classname="jwst.lib.tests.test_suffix" name="test_suffix_replacement[cat]" time="0.001" /><testcase classname="jwst.lib.tests.test_suffix" name="test_suffix_replacement[chargemigrationstep]" time="0.001" /><testcase classname="jwst.lib.tests.test_suffix" name="test_suffix_replacement[clean_flicker_noise]" time="0.001" /><testcase classname="jwst.lib.tests.test_suffix" name="test_suffix_replacement[cleanflickernoisestep]" time="0.001" /><testcase classname="jwst.lib.tests.test_suffix" name="test_suffix_replacement[combine1dstep]" time="0.001" /><testcase classname="jwst.lib.tests.test_suffix" name="test_suffix_replacement[combine_1d]" time="0.001" /><testcase classname="jwst.lib.tests.test_suffix" name="test_suffix_replacement[coron3pipeline]" time="0.001" /><testcase classname="jwst.lib.tests.test_suffix" name="test_suffix_replacement[crf]" time="0.001" /><testcase classname="jwst.lib.tests.test_suffix" name="test_suffix_replacement[crfints]" time="0.001" /><testcase classname="jwst.lib.tests.test_suffix" name="test_suffix_replacement[cube_build]" time="0.001" /><testcase classname="jwst.lib.tests.test_suffix" name="test_suffix_replacement[cubebuildstep]" time="0.001" /><testcase classname="jwst.lib.tests.test_suffix" name="test_suffix_replacement[dark]" time="0.001" /><testcase classname="jwst.lib.tests.test_suffix" name="test_suffix_replacement[dark_current]" time="0.001" /><testcase classname="jwst.lib.tests.test_suffix" name="test_suffix_replacement[darkcurrentstep]" time="0.001" /><testcase classname="jwst.lib.tests.test_set_telescope_pointing" name="test_methods[ops_tr_202111-m_v2siaf]" time="0.031" /><testcase classname="jwst.lib.tests.test_suffix" name="test_suffix_replacement[darkpipeline]" time="0.001" /><testcase classname="jwst.lib.tests.test_suffix" name="test_suffix_replacement[detector1pipeline]" time="0.001" /><testcase classname="jwst.lib.tests.test_suffix" name="test_suffix_replacement[dq_init]" time="0.001" /><testcase classname="jwst.lib.tests.test_suffix" name="test_suffix_replacement[dqinitstep]" time="0.001" /><testcase classname="jwst.lib.tests.test_suffix" name="test_suffix_replacement[emicorr]" time="0.001" /><testcase classname="jwst.lib.tests.test_suffix" name="test_suffix_replacement[emicorrstep]" time="0.001" /><testcase classname="jwst.lib.tests.test_suffix" name="test_suffix_replacement[engdblog]" time="0.001" /><testcase classname="jwst.lib.tests.test_suffix" name="test_suffix_replacement[extract1dstep]" time="0.001" /><testcase classname="jwst.lib.tests.test_suffix" name="test_suffix_replacement[extract2dstep]" time="0.001" /><testcase classname="jwst.lib.tests.test_suffix" name="test_suffix_replacement[extract_1d]" time="0.001" /><testcase classname="jwst.lib.tests.test_suffix" name="test_suffix_replacement[extract_2d]" time="0.001" /><testcase classname="jwst.lib.tests.test_suffix" name="test_suffix_replacement[firstframe]" time="0.001" /><testcase classname="jwst.lib.tests.test_suffix" name="test_suffix_replacement[firstframestep]" time="0.001" /><testcase classname="jwst.lib.tests.test_suffix" name="test_suffix_replacement[flat_field]" time="0.001" /><testcase classname="jwst.lib.tests.test_suffix" name="test_suffix_replacement[flatfieldstep]" time="0.001" /><testcase classname="jwst.extract_1d.tests.test_extract" name="test_get_extract_parameters_smoothing_bad_value[1.3]" time="0.078" /><testcase classname="jwst.lib.tests.test_suffix" name="test_suffix_replacement[fringe]" time="0.001" /><testcase classname="jwst.lib.tests.test_suffix" name="test_suffix_replacement[fringestep]" time="0.001" /><testcase classname="jwst.lib.tests.test_suffix" name="test_suffix_replacement[gain_scale]" time="0.001" /><testcase classname="jwst.lib.tests.test_suffix" name="test_suffix_replacement[gainscalestep]" time="0.001" /><testcase classname="jwst.lib.tests.test_set_telescope_pointing" name="test_methods[ops_tr_202111-override]" time="0.029" /><testcase classname="jwst.lib.tests.test_suffix" name="test_suffix_replacement[group_scale]" time="0.001" /><testcase classname="jwst.lib.tests.test_suffix" name="test_suffix_replacement[groupscalestep]" time="0.001" /><testcase classname="jwst.lib.tests.test_suffix" name="test_suffix_replacement[guider_cds]" time="0.001" /><testcase classname="jwst.lib.tests.test_suffix" name="test_suffix_replacement[guidercdsstep]" time="0.001" /><testcase classname="jwst.lib.tests.test_suffix" name="test_suffix_replacement[guiderpipeline]" time="0.001" /><testcase classname="jwst.lib.tests.test_suffix" name="test_suffix_replacement[hlsp]" time="0.001" /><testcase classname="jwst.lib.tests.test_suffix" name="test_suffix_replacement[hlspstep]" time="0.001" /><testcase classname="jwst.lib.tests.test_suffix" name="test_suffix_replacement[i2d]" time="0.001" /><testcase classname="jwst.lib.tests.test_suffix" name="test_suffix_replacement[image2pipeline]" time="0.001" /><testcase classname="jwst.lib.tests.test_suffix" name="test_suffix_replacement[image3pipeline]" time="0.001" /><testcase classname="jwst.lib.tests.test_suffix" name="test_suffix_replacement[imprint]" time="0.001" /><testcase classname="jwst.lib.tests.test_suffix" name="test_suffix_replacement[imprintstep]" time="0.001" /><testcase classname="jwst.lib.tests.test_suffix" name="test_suffix_replacement[ipc]" time="0.001" /><testcase classname="jwst.lib.tests.test_suffix" name="test_suffix_replacement[ipcstep]" time="0.001" /><testcase classname="jwst.lib.tests.test_suffix" name="test_suffix_replacement[jump]" time="0.001" /><testcase classname="jwst.lib.tests.test_suffix" name="test_suffix_replacement[jumpstep]" time="0.001" /><testcase classname="jwst.lib.tests.test_suffix" name="test_suffix_replacement[klip]" time="0.001" /><testcase classname="jwst.lib.tests.test_suffix" name="test_suffix_replacement[klipstep]" time="0.001" /><testcase classname="jwst.lib.tests.test_suffix" name="test_suffix_replacement[lastframe]" time="0.001" /><testcase classname="jwst.lib.tests.test_suffix" name="test_suffix_replacement[lastframestep]" time="0.001" /><testcase classname="jwst.lib.tests.test_suffix" name="test_suffix_replacement[linearity]" time="0.001" /><testcase classname="jwst.lib.tests.test_suffix" name="test_suffix_replacement[linearitystep]" time="0.001" /><testcase classname="jwst.lib.tests.test_suffix" name="test_suffix_replacement[master_background]" time="0.001" /><testcase classname="jwst.lib.tests.test_suffix" name="test_suffix_replacement[masterbackgroundmosstep]" time="0.001" /><testcase classname="jwst.lib.tests.test_suffix" name="test_suffix_replacement[masterbackgroundstep]" time="0.001" /><testcase classname="jwst.lib.tests.test_suffix" name="test_suffix_replacement[mbsub]" time="0.001" /><testcase classname="jwst.lib.tests.test_suffix" name="test_suffix_replacement[median]" time="0.001" /><testcase classname="jwst.lib.tests.test_suffix" name="test_suffix_replacement[msaflagopenstep]" time="0.001" /><testcase classname="jwst.lib.tests.test_suffix" name="test_suffix_replacement[outlier_detection]" time="0.001" /><testcase classname="jwst.lib.tests.test_suffix" name="test_suffix_replacement[outlierdetectionstep]" time="0.001" /><testcase classname="jwst.lib.tests.test_suffix" name="test_suffix_replacement[pathloss]" time="0.001" /><testcase classname="jwst.lib.tests.test_suffix" name="test_suffix_replacement[pathlossstep]" time="0.001" /><testcase classname="jwst.lib.tests.test_suffix" name="test_suffix_replacement[persistence]" time="0.001" /><testcase classname="jwst.lib.tests.test_suffix" name="test_suffix_replacement[persistencestep]" time="0.001" /><testcase classname="jwst.lib.tests.test_suffix" name="test_suffix_replacement[phot]" time="0.001" /><testcase classname="jwst.lib.tests.test_suffix" name="test_suffix_replacement[photom]" time="0.001" /><testcase classname="jwst.lib.tests.test_suffix" name="test_suffix_replacement[photomstep]" time="0.001" /><testcase classname="jwst.lib.tests.test_suffix" na
[...]
est.test_miri_lrs_masterbg_user" name="test_miri_lrs_masterbg_user[jw01529003001_03103_00011_mirimage_masterbg2d.fits]" time="3.303" /><testcase classname="jwst.regtest.test_miri_lrs_masterbg_user" name="test_miri_lrs_masterbg_user[jw01529003001_03103_00011_mirimage_user_mbsub.fits]" time="0.775" /><testcase classname="jwst.lib.tests.test_v1_calculate" name="test_over_time_mast" time="2.227" /><testcase classname="jwst.pipeline.tests.test_calwebb_spec3" name="test_spec3_wfss" time="4.890" /><testcase classname="jwst.pipeline.tests.test_calwebb_spec3" name="test_spec3_nrs_fs" time="2.684" /><testcase classname="jwst.regtest.test_niriss_soss_superstripe_tso3" name="test_log_tracked_resources_tso3" time="436.067"><properties><property name="tracked-peakmem" value="4119216342" /><property name="tracked-time" value="432.9658014209999" /></properties></testcase><testcase classname="jwst.regtest.test_niriss_soss_superstripe_tso3" name="test_niriss_soss_superstripe_tso3_crfints" time="5.104" /><testcase classname="jwst.regtest.test_niriss_soss_superstripe_tso3" name="test_niriss_soss_superstripe_tso3_x1dints" time="0.568" /><testcase classname="jwst.regtest.test_niriss_soss_superstripe_tso3" name="test_niriss_soss_superstripe_tso3_whtlt" time="0.102" /><testcase classname="jwst.regtest.test_niriss_soss_full" name="test_niriss_soss_tso_stage2" time="37.316" /><testcase classname="jwst.regtest.test_nirspec_ifu_trace_model" name="test_nirspec_ifu_spec2_trace_model[cal]" time="423.752" /><testcase classname="jwst.regtest.test_nirspec_ifu_trace_model" name="test_nirspec_ifu_spec2_trace_model[adaptive_trace_model]" time="5.385" /><testcase classname="jwst.regtest.test_miri_mrs_straylight" name="test_miri_mrs_straylight_clean_showers[straylightstep]" time="53.656" /><testcase classname="jwst.regtest.test_miri_mrs_straylight" name="test_miri_mrs_straylight_clean_showers[shower_model]" time="0.339" /><testcase classname="jwst.regtest.test_nirspec_ifu_trace_model" name="test_nirspec_ifu_spec2_trace_model[s3d]" time="2.432" /><testcase classname="jwst.regtest.test_nirspec_ifu_trace_model" name="test_nirspec_ifu_spec2_trace_model[x1d]" time="0.209" /><testcase classname="jwst.residual_fringe.tests.test_utils" name="test_slice_info_ch1" time="0.004" /><testcase classname="jwst.residual_fringe.tests.test_utils" name="test_slice_info_ch2" time="0.002" /><testcase classname="jwst.srctype.tests.test_srctype_step" name="test_step_complete" time="0.976" /><testcase classname="jwst.srctype.tests.test_srctype_step" name="test_srctype_provided" time="0.309" /><testcase classname="jwst.straylight.tests.test_straylight" name="test_correct_mrs_xartifact" time="71.991" /><testcase classname="jwst.regtest.test_niriss_soss_full" name="test_niriss_soss_tso_stage3" time="41.547" /><testcase classname="jwst.regtest.test_nircam_subarray_4amp" name="test_nircam_detector1_subarray[rate]" time="14.133" /><testcase classname="jwst.regtest.test_nircam_subarray_4amp" name="test_nircam_detector1_subarray[rateints]" time="0.376" /><testcase classname="jwst.residual_fringe.tests.test_background_fit" name="test_background_fit[good_col.fits]" time="0.026" /><testcase classname="jwst.residual_fringe.tests.test_background_fit" name="test_background_fit[edge_col.fits]" time="0.026" /><testcase classname="jwst.tests.test_version" name="test_version_is_string" time="0.002" /><testcase classname="jwst.tests.test_version" name="test_version_commit_is_string" time="0.001" /><testcase classname="docs.jwst.assign_wcs.asdf-howto.rst" name="asdf-howto.rst" time="0.113" /><testcase classname="docs.jwst.assign_wcs.main.rst" name="main.rst" time="0.003"><skipped type="pytest.skip" message="all tests skipped by +SKIP option">/home/runner/micromamba/envs/test-jwst/lib/python3.12/site-packages/_pytest/doctest.py:458: all tests skipped by +SKIP option</skipped></testcase><testcase classname="docs.jwst.extract_2d.main.rst" name="main.rst" time="0.002"><skipped type="pytest.skip" message="all tests skipped by +SKIP option">/home/runner/micromamba/envs/test-jwst/lib/python3.12/site-packages/_pytest/doctest.py:458: all tests skipped by +SKIP option</skipped></testcase><testcase classname="docs.jwst.resample.main.rst" name="main.rst" time="0.006" /><testcase classname="jwst.ami.tests.test_matrix_dft" name="test_matrix_dft" time="2.378" /><testcase classname="jwst.ami.tests.test_nrm_core" name="test_fringe_fitter" time="68.692" /><testcase classname="jwst.regtest.test_niriss_sourcefind" name="test_tweakreg_catalog_starfinder_alternatives[iraf]" time="8.383" /><testcase classname="jwst.regtest.test_niriss_sourcefind" name="test_tweakreg_catalog_starfinder_alternatives[segmentation]" time="28.067" /><testcase classname="jwst.associations.tests.test_exposerr" name="test_exposerr" time="0.323" /><testcase classname="jwst.associations.tests.test_level2_basics" name="test_level2_productname" time="0.278" /><testcase classname="jwst.associations.tests.test_level3_wfs" name="test_wfs_duplicate_product_names" time="13.610" /><testcase classname="jwst.straylight.tests.test_straylight" name="test_clean_showers" time="0.587" /><testcase classname="jwst.superbias.tests.test_superbias_step" name="test_full_step" time="0.969" /><testcase classname="jwst.superbias.tests.test_superbias_step" name="test_missing_reffile" time="0.411" /><testcase classname="jwst.associations.tests.test_version" name="test_asn_version" time="0.002" /><testcase classname="jwst.coron.tests.test_hlsp_step" name="test_hlsp_step" time="4.793" /><testcase classname="jwst.coron.tests.test_klip_step" name="test_klip_step" time="0.698" /><testcase classname="jwst.extract_1d.soss_extract.pastasoss" name="jwst.extract_1d.soss_extract.pastasoss._rotate" time="0.011" /><testcase classname="jwst.lib.catalog_utils" name="jwst.lib.catalog_utils.replace_suffix_ext" time="0.014" /><testcase classname="jwst.lib.pointing_summary" name="jwst.lib.pointing_summary" time="0.058" /><testcase classname="jwst.lib.reffile_utils" name="jwst.lib.reffile_utils.find_row" time="0.006" /><testcase classname="jwst.lib.tests.test_engdb_mast" name="test_negative_aliveness" time="0.003" /><testcase classname="jwst.lib.tests.test_velocity_aberration" name="test_velocity_aberration_script" time="2.128" /><testcase classname="jwst.associations.tests.test_level3_wfscmb" name="test_level3_wfscmb_jitter_suppression" time="3.527" /><testcase classname="jwst.associations.lib.tests.test_member" name="test_member_from_member" time="0.002" /><testcase classname="jwst.associations.registry" name="jwst.associations.registry.AssociationRegistry" time="0.026" /><testcase classname="jwst.outlier_detection.tests.test_algorithms" name="test_rolling_median" time="0.002" /><testcase classname="jwst.pipeline.tests.test_calwebb_ami3" name="test_niriss_ami3" time="33.322" /><testcase classname="jwst.master_background.tests.test_create_master_bkg" name="test_create_master_bkg" time="0.093" /><testcase classname="jwst.model_blender._tablebuilder" name="jwst.model_blender._tablebuilder.TableBuilder" time="0.007" /><testcase classname="jwst.pipeline.tests.test_calwebb_guider" name="test_guider_pipeline" time="2.858" /><testcase classname="jwst.associations.tests.test_pool" name="test_pool" time="0.257" /><testcase classname="jwst.model_blender.blender" name="jwst.model_blender.blender.ModelBlender" time="0.006" /><testcase classname="jwst.regtest.associations_sdp_pools.test_associations_sdp_pools_slow_jw01257" name="test_jw01257_20221201t192226_pool" time="903.956"><properties><property name="tracked-peakmem" value="99065998" /><property name="tracked-time" value="861.2444415839855" /></properties></testcase><testcase classname="jwst.refpix.tests.test_flag_bad_refpix" name="test_flag_bad_refpix" time="0.121" /><testcase classname="jwst.regtest.associations_sdp_pools.test_associations_sdp_pools_slow_jw01192" name="test_jw01192_o008_pool" time="249.218"><properties><property name="tracked-peakmem" value="26601297" /><property name="tracked-time" value="232.65101423001033" /></properties></testcase><testcase classname="jwst.pipeline.tests.test_calwebb_dark" name="test_dark_pipeline" time="5.275" /><testcase classname="jwst.pipeline.tests.test_calwebb_detector1" name="test_detector1_miri" time="26.904" /><testcase classname="jwst.regtest.test_nirspec_picture_frame" name="test_nirspec_picture_frame[picture_frame]" time="484.083" /><testcase classname="jwst.regtest.test_nirspec_picture_frame" name="test_nirspec_picture_frame[pctfrm_mask]" time="0.446" /><testcase classname="jwst.regtest.test_nirspec_picture_frame" name="test_nirspec_picture_frame[pctfrm_correction]" time="10.760" /><testcase classname="jwst.regtest.associations_sdp_pools.test_associations_sdp_pools_slow_jw01523" name="test_pool_009_spec_miri_lv2bkg_MRS" time="1116.635"><properties><property name="tracked-peakmem" value="115455037" /><property name="tracked-time" value="1071.817443042004" /></properties></testcase><testcase classname="jwst.regtest.test_nirspec_picture_frame" name="test_nirspec_picture_frame[rate]" time="1.579" /><testcase classname="jwst.regtest.associations_sdp_pools.test_associations_sdp_pools_slow_jw02064" name="test_jw02064_20230302t112350_pool" time="1473.639"><properties><property name="tracked-peakmem" value="165424029" /><property name="tracked-time" value="1432.814905249019" /></properties></testcase><testcase classname="jwst.regtest.test_nircam_wfss_spec3" name="test_log_tracked_resources" time="475.938"><properties><property name="tracked-peakmem" value="121459011" /><property name="tracked-time" value="474.7361673229898" /></properties></testcase><testcase classname="jwst.regtest.test_nircam_wfss_spec3" name="test_nircam_wfss_spec3[x1d]" time="0.547" /><testcase classname="jwst.regtest.test_nircam_wfss_spec3" name="test_nircam_wfss_spec3[c1d]" time="0.228" /><testcase classname="jwst.regtest.associations_sdp_pools.test_associations_sdp_pools_slow_jw03383" name="test_pool_034_wfss_parallel_NIRISS" time="513.777"><properties><property name="tracked-peakmem" value="136687146" /><property name="tracked-time" value="485.11340838100296" /></properties></testcase><testcase classname="jwst.regtest.associations_sdp_pools.test_associations_sdp_pools_slow_jw01480" name="test_jw01480_20250319t173819_pool" time="351.429"><properties><property name="tracked-peakmem" value="50807887" /><property name="tracked-time" value="322.5651931310131" /></properties></testcase><testcase classname="jwst.regtest.test_nirspec_ifu_spec3_emsm" name="test_spec3_multi_emsm[nirspec_emsm_g395h-f290lp_s3d.fits]" time="480.824" /><testcase classname="jwst.regtest.test_nirspec_ifu_spec3_emsm" name="test_spec3_multi_emsm[nirspec_emsm_g395h-f290lp_x1d.fits]" time="0.215" /><testcase classname="jwst.resample.tests.test_interface" name="test_multi_integration_input[ResampleSpecStep]" time="2.102" /><testcase classname="jwst.resample.tests.test_interface" name="test_multi_integration_input[ResampleStep]" time="0.349" /><testcase classname="jwst.regtest.associations_sdp_pools.test_associations_sdp_pools_slow_jw04237_1" name="test_jw04237_20250321t192812_pool" time="1267.463"><properties><property name="tracked-peakmem" value="148165713" /><property name="tracked-time" value="1221.326610930002" /></properties></testcase><testcase classname="jwst.regtest.test_miri_wfss_spec3" name="test_miri_wfss_spec3[x1d]" time="742.706" /><testcase classname="jwst.regtest.test_miri_wfss_spec3" name="test_miri_wfss_spec3[c1d]" time="0.211" /><testcase classname="jwst.regtest.test_nircam_mtimage" name="test_nircam_image_moving_target_i2d[True]" time="100.261" /><testcase classname="jwst.regtest.associations_sdp_pools.test_associations_sdp_pools_slow_jw01493" name="test_jw01493_20230307t040130_pool" time="335.786"><properties><property name="tracked-peakmem" value="51205592" /><property name="tracked-time" value="314.0601839610026" /></properties></testcase><testcase classname="jwst.regtest.test_nircam_mtimage" name="test_nircam_image_moving_target_i2d[False]" time="128.856" /><testcase classname="jwst.regtest.associations_sdp_pools.test_associations_sdp_pools_slow_jw03522" name="test_pool_024_nirspec_fss_nods_AND_SUBPXPTS4" time="265.644"><properties><property name="tracked-peakmem" value="130153687" /><property name="tracked-time" value="240.2539684989897" /></properties></testcase><testcase classname="jwst.regtest.test_nirspec_ifu_spec3" name="test_log_tracked_resources_spec3" time="2870.161"><properties><property name="tracked-peakmem" value="3466777593" /><property name="tracked-time" value="2868.1214242889837" /></properties></testcase><testcase classname="jwst.regtest.test_nirspec_ifu_spec3" name="test_spec3_multi[jw01249005001_03101_00001_nrs1_o005_crf.fits]" time="4.008" /><testcase classname="jwst.regtest.test_nirspec_ifu_spec3" name="test_spec3_multi[jw01249005001_03101_00001_nrs2_o005_crf.fits]" time="4.271" /><testcase classname="jwst.regtest.test_nirspec_ifu_spec3" name="test_spec3_multi[jw01249005001_03101_00002_nrs1_o005_crf.fits]" time="4.299" /><testcase classname="jwst.regtest.test_nirspec_ifu_spec3" name="test_spec3_multi[jw01249005001_03101_00002_nrs2_o005_crf.fits]" time="7.478" /><testcase classname="jwst.regtest.test_nirspec_ifu_spec3" name="test_spec3_multi[jw01249005001_03101_00003_nrs1_o005_crf.fits]" time="4.784" /><testcase classname="jwst.regtest.test_nirspec_ifu_spec3" name="test_spec3_multi[jw01249005001_03101_00003_nrs2_o005_crf.fits]" time="6.122" /><testcase classname="jwst.regtest.test_nirspec_ifu_spec3" name="test_spec3_multi[jw01249005001_03101_00004_nrs1_o005_crf.fits]" time="5.803" /><testcase classname="jwst.regtest.test_nirspec_ifu_spec3" name="test_spec3_multi[jw01249005001_03101_00004_nrs2_o005_crf.fits]" time="5.775" /><testcase classname="jwst.regtest.test_nirspec_ifu_spec3" name="test_spec3_multi[jw01249-o005_t001_nirspec_g395h-f290lp_s3d.fits]" time="3.374" /><testcase classname="jwst.regtest.test_nirspec_ifu_spec3" name="test_spec3_multi[jw01249-o005_t001_nirspec_g395h-f290lp_x1d.fits]" time="0.257" /><testcase classname="jwst.regtest.associations_sdp_pools.test_associations_sdp_pools_slow_jw09505" name="test_pool_miri_wfss" time="7.233"><properties><property name="tracked-peakmem" value="3790434" /><property name="tracked-time" value="5.34493922299589" /></properties></testcase><testcase classname="jwst.regtest.test_miri_residual_fringe" name="test_residual_fringe_cal" time="360.844" /><testcase classname="jwst.regtest.associations_sdp_pools.test_associations_sdp_pools_slow_jw05308" name="test_pool_027_nirspec_ifu_nods_4NODS" time="201.291"><properties><property name="tracked-peakmem" value="41495021" /><property name="tracked-time" value="170.98402163400897" /></properties></testcase><testcase classname="jwst.regtest.associations_sdp_pools.test_associations_sdp_pools_slow_jw01288" name="test_jw01288_c1005_mostilno12_pool" time="277.069"><properties><property name="tracked-peakmem" value="64773239" /><property name="tracked-time" value="261.98293339801603" /></properties></testcase><testcase classname="jwst.regtest.associations_sdp_pools.test_associations_sdp_pools_slow_jw03855" name="test_jw03855_20241103t042455_pool" time="371.451"><properties><property name="tracked-peakmem" value="255296036" /><property name="tracked-time" value="336.5790391039918" /></properties></testcase><testcase classname="jwst.regtest.associations_sdp_pools.test_associations_sdp_pools_slow_jw03702" name="test_imprint_2n_dithers_obs_1_2" time="595.438"><properties><property name="tracked-peakmem" value="134117395" /><property name="tracked-time" value="564.2572886380076" /></properties></testcase><testcase classname="jwst.regtest.associations_sdp_pools.test_associations_sdp_pools_slow_jw05398_2" name="test_pool_034_wfss_parallel_NIRCAM_3ROW_2DIRECT" time="254.085"><properties><property name="tracked-peakmem" value="69866975" /><property name="tracked-time" value="225.30265820701607" /></properties></testcase><testcase classname="jwst.regtest.test_miri_setpointing" name="test_miri_setpointing" time="10.848" /><testcase classname="jwst.regtest.associations_sdp_pools.test_associations_sdp_pools_slow_jw01928" name="test_imprint_single_obs_1" time="182.617"><properties><property name="tracked-peakmem" value="47443411" /><property name="tracked-time" value="166.73872070599464" /></properties></testcase><testcase classname="jwst.regtest.associations_sdp_pools.test_associations_sdp_pools_slow_jw01290" name="test_jw01290_20230304t140931_pool" time="350.111"><properties><property name="tracked-peakmem" value="95980903" /><property name="tracked-time" value="325.8971314750088" /></properties></testcase><testcase classname="jwst.regtest.test_nircam_persistence" name="test_persistence_step" time="11.330" /><testcase classname="jwst.stpipe.tests.test_cal_logs" name="test_path_scrub[2001:db8::ff00:42:8329 /tim/file8.txt-]" time="0.002" /><testcase classname="jwst.stpipe.tests.test_entry_points" name="test_get_steps" time="0.015" /><testcase classname="jwst.regtest.test_nirspec_bots_extract1d" name="test_nirspec_bots_custom_extraction" time="6.258" /><testcase classname="jwst.stpipe.tests.test_cal_logs" name="test_scrub[leading 2001:db8:4006:812::200e trailing-True]" time="0.008" /><testcase classname="jwst.regtest.associations_sdp_pools.test_associations_sdp_pools_slow_jw05398_1" name="test_pool_034_wfss_parallel_NIRCAM_DEFAULT" time="349.669"><properties><property name="tracked-peakmem" value="55225213" /><property name="tracked-time" value="330.30652001700946" /></properties></testcase><testcase classname="jwst.regtest.associations_sdp_pools.test_associations_sdp_pools_slow_jw02084" name="test_pool_021_tso_NIRCAM_TSIMAGE_TSGRISM" time="442.108"><properties><property name="tracked-peakmem" value="75498643" /><property name="tracked-time" value="403.58000526198884" /></properties></testcase><testcase classname="jwst.regtest.test_nirspec_ifu_internal_cal" name="test_cube_build_nirspec_internal_cal" time="31.728" /><testcase classname="jwst.regtest.associations_sdp_pools.test_associations_sdp_pools_slow_jw02739_1" name="test_jw02739_20230710t150016_pool" time="1244.468"><properties><property name="tracked-peakmem" value="71498910" /><property name="tracked-time" value="1242.836808640015" /></properties></testcase><testcase classname="jwst.wfss_contam.tests.test_disperse" name="test_disperse_oversample_same_result" time="0.928" /><testcase classname="jwst.regtest.associations_sdp_pools.test_associations_sdp_pools_slow_jw05398_3" name="test_pool_034_wfss_parallel_NIRCAM_ROW_ONLY" time="117.279"><properties><property name="tracked-peakmem" value="51388173" /><property name="tracked-time" value="105.02522193599725" /></properties></testcase><testcase classname="jwst.regtest.associations_sdp_pools.test_associations_sdp_pools_slow_jw04237_2" name="test_jw04237_20250321t192812_dms_pool" time="1303.094"><properties><property name="tracked-peakmem" value="147725539" /><property name="tracked-time" value="1255.311017095024" /></properties></testcase><testcase classname="jwst.resample.tests.test_utils" name="test_find_dispersion_axis" time="0.029" /><testcase classname="jwst.stpipe.tests.test_cal_logs" name="test_scrub[2001:db8::ff00:42:8329-True]" time="0.010" /><testcase classname="jwst.tests.test_import" name="test_modules_import" time="0.013" /><testcase classname="jwst.regtest.associations_sdp_pools.test_associations_sdp_pools_slow_jw02739_2" name="test_jw02739_20230710t150016_o010_pool" time="209.805"><properties><property name="tracked-peakmem" value="22910217" /><property name="tracked-time" value="183.93974170900765" /></properties></testcase><testcase classname="jwst.regtest.associations_sdp_pools.test_associations_sdp_pools_slow_jw05221" name="test_pool_032_nircam_wfss" time="1608.008"><properties><property name="tracked-peakmem" value="90494267" /><property name="tracked-time" value="1557.249924475007" /></properties></testcase></testsuite></testsuites>